{"/Users/haoyu/Projects/InstallMaster/ResponseFileWeb/src/App.js": {"path":"/Users/haoyu/Projects/InstallMaster/ResponseFileWeb/src/App.js","statementMap":{"0":{"start":{"line":7,"column":4},"end":{"line":7,"column":35}}},"fnMap":{"0":{"name":"App","decl":{"start":{"line":6,"column":9},"end":{"line":6,"column":12}},"loc":{"start":{"line":6,"column":15},"end":{"line":8,"column":1}},"line":6}},"branchMap":{},"s":{"0":0},"f":{"0":0},"b":{},"hash":"3f842372bb638bd4e268766d7b6d46d1bcf06e1d"}
,"/Users/haoyu/Projects/InstallMaster/ResponseFileWeb/src/index.js": {"path":"/Users/haoyu/Projects/InstallMaster/ResponseFileWeb/src/index.js","statementMap":{"0":{"start":{"line":8,"column":0},"end":{"line":8,"column":58}},"1":{"start":{"line":13,"column":0},"end":{"line":13,"column":25}}},"fnMap":{},"branchMap":{},"s":{"0":0,"1":0},"f":{},"b":{},"hash":"dfeec92b29956df7f43ca12671c87bf756b17e28"}
,"/Users/haoyu/Projects/InstallMaster/ResponseFileWeb/src/serviceWorker.js": {"path":"/Users/haoyu/Projects/InstallMaster/ResponseFileWeb/src/serviceWorker.js","statementMap":{"0":{"start":{"line":13,"column":20},"end":{"line":21,"column":1}},"1":{"start":{"line":24,"column":2},"end":{"line":54,"column":3}},"2":{"start":{"line":26,"column":22},"end":{"line":26,"column":75}},"3":{"start":{"line":27,"column":4},"end":{"line":32,"column":5}},"4":{"start":{"line":31,"column":6},"end":{"line":31,"column":13}},"5":{"start":{"line":34,"column":4},"end":{"line":53,"column":7}},"6":{"start":{"line":35,"column":20},"end":{"line":35,"column":65}},"7":{"start":{"line":37,"column":6},"end":{"line":52,"column":7}},"8":{"start":{"line":39,"column":8},"end":{"line":39,"column":47}},"9":{"start":{"line":43,"column":8},"end":{"line":48,"column":11}},"10":{"start":{"line":44,"column":10},"end":{"line":47,"column":12}},"11":{"start":{"line":51,"column":8},"end":{"line":51,"column":39}},"12":{"start":{"line":58,"column":2},"end":{"line":98,"column":7}},"13":{"start":{"line":61,"column":6},"end":{"line":94,"column":8}},"14":{"start":{"line":62,"column":33},"end":{"line":62,"column":56}},"15":{"start":{"line":63,"column":8},"end":{"line":65,"column":9}},"16":{"start":{"line":64,"column":10},"end":{"line":64,"column":17}},"17":{"start":{"line":66,"column":8},"end":{"line":93,"column":10}},"18":{"start":{"line":67,"column":10},"end":{"line":92,"column":11}},"19":{"start":{"line":68,"column":12},"end":{"line":91,"column":13}},"20":{"start":{"line":72,"column":14},"end":{"line":75,"column":16}},"21":{"start":{"line":78,"column":14},"end":{"line":80,"column":15}},"22":{"start":{"line":79,"column":16},"end":{"line":79,"column":46}},"23":{"start":{"line":85,"column":14},"end":{"line":85,"column":64}},"24":{"start":{"line":88,"column":14},"end":{"line":90,"column":15}},"25":{"start":{"line":89,"column":16},"end":{"line":89,"column":47}},"26":{"start":{"line":97,"column":6},"end":{"line":97,"column":72}},"27":{"start":{"line":103,"column":2},"end":{"line":126,"column":7}},"28":{"start":{"line":106,"column":26},"end":{"line":106,"column":62}},"29":{"start":{"line":107,"column":6},"end":{"line":120,"column":7}},"30":{"start":{"line":112,"column":8},"end":{"line":116,"column":11}},"31":{"start":{"line":113,"column":10},"end":{"line":115,"column":13}},"32":{"start":{"line":114,"column":12},"end":{"line":114,"column":37}},"33":{"start":{"line":119,"column":8},"end":{"line":119,"column":39}},"34":{"start":{"line":123,"column":6},"end":{"line":125,"column":8}},"35":{"start":{"line":130,"column":2},"end":{"line":134,"column":3}},"36":{"start":{"line":131,"column":4},"end":{"line":133,"column":7}},"37":{"start":{"line":132,"column":6},"end":{"line":132,"column":32}}},"fnMap":{"0":{"name":"register","decl":{"start":{"line":23,"column":16},"end":{"line":23,"column":24}},"loc":{"start":{"line":23,"column":33},"end":{"line":55,"column":1}},"line":23},"1":{"name":"(anonymous_1)","decl":{"start":{"line":34,"column":36},"end":{"line":34,"column":37}},"loc":{"start":{"line":34,"column":42},"end":{"line":53,"column":5}},"line":34},"2":{"name":"(anonymous_2)","decl":{"start":{"line":43,"column":43},"end":{"line":43,"column":44}},"loc":{"start":{"line":43,"column":49},"end":{"line":48,"column":9}},"line":43},"3":{"name":"registerValidSW","decl":{"start":{"line":57,"column":9},"end":{"line":57,"column":24}},"loc":{"start":{"line":57,"column":40},"end":{"line":99,"column":1}},"line":57},"4":{"name":"(anonymous_4)","decl":{"start":{"line":60,"column":10},"end":{"line":60,"column":11}},"loc":{"start":{"line":60,"column":26},"end":{"line":95,"column":5}},"line":60},"5":{"name":"(anonymous_5)","decl":{"start":{"line":61,"column":35},"end":{"line":61,"column":36}},"loc":{"start":{"line":61,"column":41},"end":{"line":94,"column":7}},"line":61},"6":{"name":"(anonymous_6)","decl":{"start":{"line":66,"column":41},"end":{"line":66,"column":42}},"loc":{"start":{"line":66,"column":47},"end":{"line":93,"column":9}},"line":66},"7":{"name":"(anonymous_7)","decl":{"start":{"line":96,"column":11},"end":{"line":96,"column":12}},"loc":{"start":{"line":96,"column":20},"end":{"line":98,"column":5}},"line":96},"8":{"name":"checkValidServiceWorker","decl":{"start":{"line":101,"column":9},"end":{"line":101,"column":32}},"loc":{"start":{"line":101,"column":48},"end":{"line":127,"column":1}},"line":101},"9":{"name":"(anonymous_9)","decl":{"start":{"line":104,"column":10},"end":{"line":104,"column":11}},"loc":{"start":{"line":104,"column":22},"end":{"line":121,"column":5}},"line":104},"10":{"name":"(anonymous_10)","decl":{"start":{"line":112,"column":43},"end":{"line":112,"column":44}},"loc":{"start":{"line":112,"column":59},"end":{"line":116,"column":9}},"line":112},"11":{"name":"(anonymous_11)","decl":{"start":{"line":113,"column":41},"end":{"line":113,"column":42}},"loc":{"start":{"line":113,"column":47},"end":{"line":115,"column":11}},"line":113},"12":{"name":"(anonymous_12)","decl":{"start":{"line":122,"column":11},"end":{"line":122,"column":12}},"loc":{"start":{"line":122,"column":17},"end":{"line":126,"column":5}},"line":122},"13":{"name":"unregister","decl":{"start":{"line":129,"column":16},"end":{"line":129,"column":26}},"loc":{"start":{"line":129,"column":29},"end":{"line":135,"column":1}},"line":129},"14":{"name":"(anonymous_14)","decl":{"start":{"line":131,"column":39},"end":{"line":131,"column":40}},"loc":{"start":{"line":131,"column":55},"end":{"line":133,"column":5}},"line":131}},"branchMap":{"0":{"loc":{"start":{"line":14,"column":2},"end":{"line":20,"column":5}},"type":"binary-expr","locations":[{"start":{"line":14,"column":2},"end":{"line":14,"column":42}},{"start":{"line":16,"column":4},"end":{"line":16,"column":40}},{"start":{"line":18,"column":4},"end":{"line":20,"column":5}}],"line":14},"1":{"loc":{"start":{"line":24,"column":2},"end":{"line":54,"column":3}},"type":"if","locations":[{"start":{"line":24,"column":2},"end":{"line":54,"column":3}},{"start":{"line":24,"column":2},"end":{"line":54,"column":3}}],"line":24},"2":{"loc":{"start":{"line":24,"column":6},"end":{"line":24,"column":75}},"type":"binary-expr","locations":[{"start":{"line":24,"column":6},"end":{"line":24,"column":43}},{"start":{"line":24,"column":47},"end":{"line":24,"column":75}}],"line":24},"3":{"loc":{"start":{"line":27,"column":4},"end":{"line":32,"column":5}},"type":"if","locations":[{"start":{"line":27,"column":4},"end":{"line":32,"column":5}},{"start":{"line":27,"column":4},"end":{"line":32,"column":5}}],"line":27},"4":{"loc":{"start":{"line":37,"column":6},"end":{"line":52,"column":7}},"type":"if","locations":[{"start":{"line":37,"column":6},"end":{"line":52,"column":7}},{"start":{"line":37,"column":6},"end":{"line":52,"column":7}}],"line":37},"5":{"loc":{"start":{"line":63,"column":8},"end":{"line":65,"column":9}},"type":"if","locations":[{"start":{"line":63,"column":8},"end":{"line":65,"column":9}},{"start":{"line":63,"column":8},"end":{"line":65,"column":9}}],"line":63},"6":{"loc":{"start":{"line":67,"column":10},"end":{"line":92,"column":11}},"type":"if","locations":[{"start":{"line":67,"column":10},"end":{"line":92,"column":11}},{"start":{"line":67,"column":10},"end":{"line":92,"column":11}}],"line":67},"7":{"loc":{"start":{"line":68,"column":12},"end":{"line":91,"column":13}},"type":"if","locations":[{"start":{"line":68,"column":12},"end":{"line":91,"column":13}},{"start":{"line":68,"column":12},"end":{"line":91,"column":13}}],"line":68},"8":{"loc":{"start":{"line":78,"column":14},"end":{"line":80,"column":15}},"type":"if","locations":[{"start":{"line":78,"column":14},"end":{"line":80,"column":15}},{"start":{"line":78,"column":14},"end":{"line":80,"column":15}}],"line":78},"9":{"loc":{"start":{"line":78,"column":18},"end":{"line":78,"column":43}},"type":"binary-expr","locations":[{"start":{"line":78,"column":18},"end":{"line":78,"column":24}},{"start":{"line":78,"column":28},"end":{"line":78,"column":43}}],"line":78},"10":{"loc":{"start":{"line":88,"column":14},"end":{"line":90,"column":15}},"type":"if","locations":[{"start":{"line":88,"column":14},"end":{"line":90,"column":15}},{"start":{"line":88,"column":14},"end":{"line":90,"column":15}}],"line":88},"11":{"loc":{"start":{"line":88,"column":18},"end":{"line":88,"column":44}},"type":"binary-expr","locations":[{"start":{"line":88,"column":18},"end":{"line":88,"column":24}},{"start":{"line":88,"column":28},"end":{"line":88,"column":44}}],"line":88},"12":{"loc":{"start":{"line":107,"column":6},"end":{"line":120,"column":7}},"type":"if","locations":[{"start":{"line":107,"column":6},"end":{"line":120,"column":7}},{"start":{"line":107,"column":6},"end":{"line":120,"column":7}}],"line":107},"13":{"loc":{"start":{"line":108,"column":8},"end":{"line":109,"column":73}},"type":"binary-expr","locations":[{"start":{"line":108,"column":8},"end":{"line":108,"column":31}},{"start":{"line":109,"column":9},"end":{"line":109,"column":28}},{"start":{"line":109,"column":32},"end":{"line":109,"column":72}}],"line":108},"14":{"loc":{"start":{"line":130,"column":2},"end":{"line":134,"column":3}},"type":"if","locations":[{"start":{"line":130,"column":2},"end":{"line":134,"column":3}},{"start":{"line":130,"column":2},"end":{"line":134,"column":3}}],"line":130}},"s":{"0":0,"1":0,"2":0,"3":0,"4":0,"5":0,"6":0,"7":0,"8":0,"9":0,"10":0,"11":0,"12":0,"13":0,"14":0,"15":0,"16":0,"17":0,"18":0,"19":0,"20":0,"21":0,"22":0,"23":0,"24":0,"25":0,"26":0,"27":0,"28":0,"29":0,"30":0,"31":0,"32":0,"33":0,"34":0,"35":0,"36":0,"37":0},"f":{"0":0,"1":0,"2":0,"3":0,"4":0,"5":0,"6":0,"7":0,"8":0,"9":0,"10":0,"11":0,"12":0,"13":0,"14":0},"b":{"0":[0,0,0],"1":[0,0],"2":[0,0],"3":[0,0],"4":[0,0],"5":[0,0],"6":[0,0],"7":[0,0],"8":[0,0],"9":[0,0],"10":[0,0],"11":[0,0],"12":[0,0],"13":[0,0,0],"14":[0,0]},"hash":"d047a4a8b6d9a2467ea72165d7b1d6239b279793"}
,"/Users/haoyu/Projects/InstallMaster/ResponseFileWeb/src/Components/ButtonBar/MainButtonBar/MainButtonBar.js": {"path":"/Users/haoyu/Projects/InstallMaster/ResponseFileWeb/src/Components/ButtonBar/MainButtonBar/MainButtonBar.js","statementMap":{"0":{"start":{"line":6,"column":18},"end":{"line":39,"column":1}},"1":{"start":{"line":7,"column":4},"end":{"line":38,"column":10}}},"fnMap":{"0":{"name":"(anonymous_0)","decl":{"start":{"line":6,"column":18},"end":{"line":6,"column":19}},"loc":{"start":{"line":7,"column":4},"end":{"line":38,"column":10}},"line":7}},"branchMap":{"0":{"loc":{"start":{"line":10,"column":13},"end":{"line":20,"column":13}},"type":"cond-expr","locations":[{"start":{"line":11,"column":16},"end":{"line":14,"column":18}},{"start":{"line":16,"column":16},"end":{"line":19,"column":18}}],"line":10}},"s":{"0":0,"1":0},"f":{"0":0},"b":{"0":[0,0]},"hash":"4d96cd0aa9985036715a120dd6cabc8889b877ce"}
,"/Users/haoyu/Projects/InstallMaster/ResponseFileWeb/src/Components/ButtonBar/SelectAllButtonBar/SelectAllButtonBar.js": {"path":"/Users/haoyu/Projects/InstallMaster/ResponseFileWeb/src/Components/ButtonBar/SelectAllButtonBar/SelectAllButtonBar.js","statementMap":{"0":{"start":{"line":5,"column":18},"end":{"line":23,"column":1}},"1":{"start":{"line":6,"column":4},"end":{"line":22,"column":10}}},"fnMap":{"0":{"name":"(anonymous_0)","decl":{"start":{"line":5,"column":18},"end":{"line":5,"column":19}},"loc":{"start":{"line":6,"column":4},"end":{"line":22,"column":10}},"line":6}},"branchMap":{"0":{"loc":{"start":{"line":17,"column":9},"end":{"line":21,"column":16}},"type":"cond-expr","locations":[{"start":{"line":18,"column":12},"end":{"line":20,"column":18}},{"start":{"line":21,"column":12},"end":{"line":21,"column":16}}],"line":17}},"s":{"0":0,"1":0},"f":{"0":0},"b":{"0":[0,0]},"hash":"eec5199a242ff83bc8186e73cc7283516308fcfd"}
,"/Users/haoyu/Projects/InstallMaster/ResponseFileWeb/src/Components/ConfigurationContent/ConfigurationContent.js": {"path":"/Users/haoyu/Projects/InstallMaster/ResponseFileWeb/src/Components/ConfigurationContent/ConfigurationContent.js","statementMap":{"0":{"start":{"line":31,"column":29},"end":{"line":363,"column":1}},"1":{"start":{"line":34,"column":35},"end":{"line":58,"column":5}},"2":{"start":{"line":66,"column":34},"end":{"line":189,"column":5}},"3":{"start":{"line":197,"column":28},"end":{"line":309,"column":5}},"4":{"start":{"line":318,"column":26},"end":{"line":334,"column":5}},"5":{"start":{"line":319,"column":18},"end":{"line":319,"column":20}},"6":{"start":{"line":320,"column":8},"end":{"line":332,"column":11}},"7":{"start":{"line":322,"column":31},"end":{"line":322,"column":49}},"8":{"start":{"line":323,"column":12},"end":{"line":331,"column":17}},"9":{"start":{"line":324,"column":16},"end":{"line":324,"column":45}},"10":{"start":{"line":326,"column":16},"end":{"line":331,"column":17}},"11":{"start":{"line":326,"column":29},"end":{"line":326,"column":30}},"12":{"start":{"line":327,"column":20},"end":{"line":330,"column":21}},"13":{"start":{"line":328,"column":24},"end":{"line":328,"column":53}},"14":{"start":{"line":329,"column":24},"end":{"line":329,"column":30}},"15":{"start":{"line":333,"column":8},"end":{"line":333,"column":19}},"16":{"start":{"line":336,"column":18},"end":{"line":336,"column":48}},"17":{"start":{"line":337,"column":15},"end":{"line":337,"column":42}},"18":{"start":{"line":338,"column":13},"end":{"line":338,"column":38}},"19":{"start":{"line":340,"column":23},"end":{"line":340,"column":27}},"20":{"start":{"line":342,"column":26},"end":{"line":344,"column":5}},"21":{"start":{"line":343,"column":8},"end":{"line":343,"column":75}},"22":{"start":{"line":346,"column":27},"end":{"line":348,"column":5}},"23":{"start":{"line":347,"column":8},"end":{"line":347,"column":76}},"24":{"start":{"line":350,"column":22},"end":{"line":352,"column":5}},"25":{"start":{"line":351,"column":8},"end":{"line":351,"column":52}},"26":{"start":{"line":354,"column":4},"end":{"line":360,"column":5}},"27":{"start":{"line":355,"column":8},"end":{"line":355,"column":78}},"28":{"start":{"line":356,"column":11},"end":{"line":360,"column":5}},"29":{"start":{"line":357,"column":8},"end":{"line":357,"column":80}},"30":{"start":{"line":358,"column":11},"end":{"line":360,"column":5}},"31":{"start":{"line":359,"column":8},"end":{"line":359,"column":66}},"32":{"start":{"line":362,"column":4},"end":{"line":362,"column":37}}},"fnMap":{"0":{"name":"(anonymous_0)","decl":{"start":{"line":31,"column":29},"end":{"line":31,"column":30}},"loc":{"start":{"line":31,"column":38},"end":{"line":363,"column":1}},"line":31},"1":{"name":"(anonymous_1)","decl":{"start":{"line":318,"column":26},"end":{"line":318,"column":27}},"loc":{"start":{"line":318,"column":54},"end":{"line":334,"column":5}},"line":318},"2":{"name":"(anonymous_2)","decl":{"start":{"line":320,"column":28},"end":{"line":320,"column":29}},"loc":{"start":{"line":320,"column":36},"end":{"line":332,"column":9}},"line":320},"3":{"name":"(anonymous_3)","decl":{"start":{"line":342,"column":26},"end":{"line":342,"column":27}},"loc":{"start":{"line":342,"column":32},"end":{"line":344,"column":5}},"line":342},"4":{"name":"(anonymous_4)","decl":{"start":{"line":346,"column":27},"end":{"line":346,"column":28}},"loc":{"start":{"line":346,"column":33},"end":{"line":348,"column":5}},"line":346},"5":{"name":"(anonymous_5)","decl":{"start":{"line":350,"column":22},"end":{"line":350,"column":23}},"loc":{"start":{"line":350,"column":28},"end":{"line":352,"column":5}},"line":350}},"branchMap":{"0":{"loc":{"start":{"line":323,"column":12},"end":{"line":331,"column":17}},"type":"if","locations":[{"start":{"line":323,"column":12},"end":{"line":331,"column":17}},{"start":{"line":323,"column":12},"end":{"line":331,"column":17}}],"line":323},"1":{"loc":{"start":{"line":327,"column":20},"end":{"line":330,"column":21}},"type":"if","locations":[{"start":{"line":327,"column":20},"end":{"line":330,"column":21}},{"start":{"line":327,"column":20},"end":{"line":330,"column":21}}],"line":327},"2":{"loc":{"start":{"line":343,"column":15},"end":{"line":343,"column":74}},"type":"binary-expr","locations":[{"start":{"line":343,"column":15},"end":{"line":343,"column":33}},{"start":{"line":343,"column":37},"end":{"line":343,"column":54}},{"start":{"line":343,"column":58},"end":{"line":343,"column":74}}],"line":343},"3":{"loc":{"start":{"line":347,"column":15},"end":{"line":347,"column":75}},"type":"binary-expr","locations":[{"start":{"line":347,"column":15},"end":{"line":347,"column":33}},{"start":{"line":347,"column":37},"end":{"line":347,"column":55}},{"start":{"line":347,"column":59},"end":{"line":347,"column":75}}],"line":347},"4":{"loc":{"start":{"line":351,"column":15},"end":{"line":351,"column":51}},"type":"binary-expr","locations":[{"start":{"line":351,"column":15},"end":{"line":351,"column":33}},{"start":{"line":351,"column":37},"end":{"line":351,"column":51}}],"line":351},"5":{"loc":{"start":{"line":354,"column":4},"end":{"line":360,"column":5}},"type":"if","locations":[{"start":{"line":354,"column":4},"end":{"line":360,"column":5}},{"start":{"line":354,"column":4},"end":{"line":360,"column":5}}],"line":354},"6":{"loc":{"start":{"line":356,"column":11},"end":{"line":360,"column":5}},"type":"if","locations":[{"start":{"line":356,"column":11},"end":{"line":360,"column":5}},{"start":{"line":356,"column":11},"end":{"line":360,"column":5}}],"line":356},"7":{"loc":{"start":{"line":358,"column":11},"end":{"line":360,"column":5}},"type":"if","locations":[{"start":{"line":358,"column":11},"end":{"line":360,"column":5}},{"start":{"line":358,"column":11},"end":{"line":360,"column":5}}],"line":358}},"s":{"0":0,"1":0,"2":0,"3":0,"4":0,"5":0,"6":0,"7":0,"8":0,"9":0,"10":0,"11":0,"12":0,"13":0,"14":0,"15":0,"16":0,"17":0,"18":0,"19":0,"20":0,"21":0,"22":0,"23":0,"24":0,"25":0,"26":0,"27":0,"28":0,"29":0,"30":0,"31":0,"32":0},"f":{"0":0,"1":0,"2":0,"3":0,"4":0,"5":0},"b":{"0":[0,0],"1":[0,0],"2":[0,0,0],"3":[0,0,0],"4":[0,0],"5":[0,0],"6":[0,0],"7":[0,0]},"hash":"26e87d5347cc3234cd14edb6a1ac9bc3c8954809"}
,"/Users/haoyu/Projects/InstallMaster/ResponseFileWeb/src/Components/ContentPages/LicenseAgreePage/LicenseAgreePage.js": {"path":"/Users/haoyu/Projects/InstallMaster/ResponseFileWeb/src/Components/ContentPages/LicenseAgreePage/LicenseAgreePage.js","statementMap":{"0":{"start":{"line":7,"column":19},"end":{"line":7,"column":25}},"1":{"start":{"line":9,"column":25},"end":{"line":110,"column":1}},"2":{"start":{"line":11,"column":8},"end":{"line":31,"column":16}},"3":{"start":{"line":24,"column":24},"end":{"line":24,"column":60}},"4":{"start":{"line":34,"column":8},"end":{"line":106,"column":14}},"5":{"start":{"line":41,"column":24},"end":{"line":41,"column":79}},"6":{"start":{"line":55,"column":32},"end":{"line":55,"column":77}},"7":{"start":{"line":82,"column":32},"end":{"line":82,"column":78}},"8":{"start":{"line":98,"column":28},"end":{"line":98,"column":70}},"9":{"start":{"line":109,"column":4},"end":{"line":109,"column":15}}},"fnMap":{"0":{"name":"(anonymous_0)","decl":{"start":{"line":9,"column":25},"end":{"line":9,"column":26}},"loc":{"start":{"line":9,"column":34},"end":{"line":110,"column":1}},"line":9},"1":{"name":"(anonymous_1)","decl":{"start":{"line":23,"column":30},"end":{"line":23,"column":31}},"loc":{"start":{"line":23,"column":39},"end":{"line":25,"column":21}},"line":23},"2":{"name":"(anonymous_2)","decl":{"start":{"line":40,"column":30},"end":{"line":40,"column":31}},"loc":{"start":{"line":40,"column":35},"end":{"line":42,"column":21}},"line":40},"3":{"name":"(anonymous_3)","decl":{"start":{"line":54,"column":38},"end":{"line":54,"column":39}},"loc":{"start":{"line":54,"column":47},"end":{"line":56,"column":29}},"line":54},"4":{"name":"(anonymous_4)","decl":{"start":{"line":81,"column":38},"end":{"line":81,"column":39}},"loc":{"start":{"line":81,"column":47},"end":{"line":83,"column":29}},"line":81},"5":{"name":"(anonymous_5)","decl":{"start":{"line":97,"column":33},"end":{"line":97,"column":34}},"loc":{"start":{"line":98,"column":28},"end":{"line":98,"column":70}},"line":98}},"branchMap":{"0":{"loc":{"start":{"line":11,"column":8},"end":{"line":31,"column":16}},"type":"cond-expr","locations":[{"start":{"line":12,"column":12},"end":{"line":30,"column":18}},{"start":{"line":31,"column":12},"end":{"line":31,"column":16}}],"line":11},"1":{"loc":{"start":{"line":64,"column":28},"end":{"line":69,"column":44}},"type":"cond-expr","locations":[{"start":{"line":65,"column":34},"end":{"line":68,"column":45}},{"start":{"line":69,"column":34},"end":{"line":69,"column":44}}],"line":64}},"s":{"0":0,"1":0,"2":0,"3":0,"4":0,"5":0,"6":0,"7":0,"8":0,"9":0},"f":{"0":0,"1":0,"2":0,"3":0,"4":0,"5":0},"b":{"0":[0,0],"1":[0,0]},"hash":"5e3fea3de2c2b0f59b39434b2a16c800f8c5c03b"}
,"/Users/haoyu/Projects/InstallMaster/ResponseFileWeb/src/Components/ContentPages/MSTR2020/Linux/CustomerInfoAndInstallationDirect/LinCustomerInfoAndInstallationDirect.js": {"path":"/Users/haoyu/Projects/InstallMaster/ResponseFileWeb/src/Components/ContentPages/MSTR2020/Linux/CustomerInfoAndInstallationDirect/LinCustomerInfoAndInstallationDirect.js","statementMap":{"0":{"start":{"line":18,"column":20},"end":{"line":18,"column":21}},"1":{"start":{"line":20,"column":15},"end":{"line":26,"column":5}},"2":{"start":{"line":21,"column":8},"end":{"line":25,"column":11}},"3":{"start":{"line":22,"column":12},"end":{"line":24,"column":13}},"4":{"start":{"line":23,"column":16},"end":{"line":23,"column":38}},"5":{"start":{"line":28,"column":15},"end":{"line":30,"column":5}},"6":{"start":{"line":29,"column":8},"end":{"line":29,"column":30}},"7":{"start":{"line":38,"column":26},"end":{"line":66,"column":5}},"8":{"start":{"line":39,"column":38},"end":{"line":39,"column":53}},"9":{"start":{"line":40,"column":8},"end":{"line":65,"column":11}},"10":{"start":{"line":41,"column":12},"end":{"line":64,"column":24}},"11":{"start":{"line":58,"column":43},"end":{"line":58,"column":68}},"12":{"start":{"line":61,"column":46},"end":{"line":61,"column":71}},"13":{"start":{"line":68,"column":15},"end":{"line":83,"column":5}},"14":{"start":{"line":69,"column":8},"end":{"line":69,"column":65}},"15":{"start":{"line":75,"column":8},"end":{"line":82,"column":9}},"16":{"start":{"line":76,"column":12},"end":{"line":81,"column":13}},"17":{"start":{"line":76,"column":25},"end":{"line":76,"column":26}},"18":{"start":{"line":77,"column":16},"end":{"line":80,"column":18}},"19":{"start":{"line":88,"column":24},"end":{"line":90,"column":5}},"20":{"start":{"line":89,"column":8},"end":{"line":89,"column":54}},"21":{"start":{"line":93,"column":8},"end":{"line":96,"column":9}},"22":{"start":{"line":95,"column":12},"end":{"line":95,"column":78}},"23":{"start":{"line":98,"column":8},"end":{"line":100,"column":9}},"24":{"start":{"line":99,"column":12},"end":{"line":99,"column":78}},"25":{"start":{"line":104,"column":8},"end":{"line":188,"column":10}},"26":{"start":{"line":192,"column":21},"end":{"line":194,"column":1}}},"fnMap":{"0":{"name":"(anonymous_0)","decl":{"start":{"line":20,"column":15},"end":{"line":20,"column":16}},"loc":{"start":{"line":20,"column":21},"end":{"line":26,"column":5}},"line":20},"1":{"name":"(anonymous_1)","decl":{"start":{"line":21,"column":48},"end":{"line":21,"column":49}},"loc":{"start":{"line":21,"column":65},"end":{"line":25,"column":9}},"line":21},"2":{"name":"(anonymous_2)","decl":{"start":{"line":28,"column":15},"end":{"line":28,"column":16}},"loc":{"start":{"line":28,"column":21},"end":{"line":30,"column":5}},"line":28},"3":{"name":"(anonymous_3)","decl":{"start":{"line":38,"column":26},"end":{"line":38,"column":27}},"loc":{"start":{"line":38,"column":38},"end":{"line":66,"column":5}},"line":38},"4":{"name":"(anonymous_4)","decl":{"start":{"line":40,"column":28},"end":{"line":40,"column":29}},"loc":{"start":{"line":41,"column":12},"end":{"line":64,"column":24}},"line":41},"5":{"name":"(anonymous_5)","decl":{"start":{"line":58,"column":38},"end":{"line":58,"column":39}},"loc":{"start":{"line":58,"column":43},"end":{"line":58,"column":68}},"line":58},"6":{"name":"(anonymous_6)","decl":{"start":{"line":61,"column":41},"end":{"line":61,"column":42}},"loc":{"start":{"line":61,"column":46},"end":{"line":61,"column":71}},"line":61},"7":{"name":"(anonymous_7)","decl":{"start":{"line":68,"column":15},"end":{"line":68,"column":16}},"loc":{"start":{"line":68,"column":31},"end":{"line":83,"column":5}},"line":68},"8":{"name":"(anonymous_8)","decl":{"start":{"line":88,"column":24},"end":{"line":88,"column":25}},"loc":{"start":{"line":88,"column":30},"end":{"line":90,"column":5}},"line":88},"9":{"name":"(anonymous_9)","decl":{"start":{"line":92,"column":4},"end":{"line":92,"column":5}},"loc":{"start":{"line":92,"column":24},"end":{"line":101,"column":5}},"line":92},"10":{"name":"(anonymous_10)","decl":{"start":{"line":103,"column":4},"end":{"line":103,"column":5}},"loc":{"start":{"line":103,"column":13},"end":{"line":189,"column":5}},"line":103}},"branchMap":{"0":{"loc":{"start":{"line":22,"column":12},"end":{"line":24,"column":13}},"type":"if","locations":[{"start":{"line":22,"column":12},"end":{"line":24,"column":13}},{"start":{"line":22,"column":12},"end":{"line":24,"column":13}}],"line":22},"1":{"loc":{"start":{"line":56,"column":20},"end":{"line":62,"column":21}},"type":"cond-expr","locations":[{"start":{"line":57,"column":24},"end":{"line":59,"column":26}},{"start":{"line":61,"column":24},"end":{"line":61,"column":75}}],"line":56},"2":{"loc":{"start":{"line":75,"column":8},"end":{"line":82,"column":9}},"type":"if","locations":[{"start":{"line":75,"column":8},"end":{"line":82,"column":9}},{"start":{"line":75,"column":8},"end":{"line":82,"column":9}}],"line":75}},"s":{"0":0,"1":0,"2":0,"3":0,"4":0,"5":0,"6":0,"7":0,"8":0,"9":0,"10":0,"11":0,"12":0,"13":0,"14":0,"15":0,"16":0,"17":0,"18":0,"19":0,"20":0,"21":0,"22":0,"23":0,"24":0,"25":0,"26":0},"f":{"0":0,"1":0,"2":0,"3":0,"4":0,"5":0,"6":0,"7":0,"8":0,"9":0,"10":0},"b":{"0":[0,0],"1":[0,0],"2":[0,0]},"hash":"a50b100bd60c6d573c070f884080f32bd457b6bc"}
,"/Users/haoyu/Projects/InstallMaster/ResponseFileWeb/src/Components/ContentPages/MSTR2020/Linux/FeatureSelection/LinFeatureSelection.js": {"path":"/Users/haoyu/Projects/InstallMaster/ResponseFileWeb/src/Components/ContentPages/MSTR2020/Linux/FeatureSelection/LinFeatureSelection.js","statementMap":{"0":{"start":{"line":43,"column":11},"end":{"line":80,"column":5}},"1":{"start":{"line":82,"column":15},"end":{"line":89,"column":5}},"2":{"start":{"line":83,"column":8},"end":{"line":88,"column":9}},"3":{"start":{"line":84,"column":12},"end":{"line":84,"column":34}},"4":{"start":{"line":86,"column":12},"end":{"line":86,"column":36}},"5":{"start":{"line":87,"column":12},"end":{"line":87,"column":31}},"6":{"start":{"line":91,"column":15},"end":{"line":93,"column":5}},"7":{"start":{"line":92,"column":8},"end":{"line":92,"column":30}},"8":{"start":{"line":98,"column":23},"end":{"line":105,"column":5}},"9":{"start":{"line":99,"column":8},"end":{"line":102,"column":10}},"10":{"start":{"line":103,"column":8},"end":{"line":103,"column":47}},"11":{"start":{"line":104,"column":8},"end":{"line":104,"column":33}},"12":{"start":{"line":110,"column":25},"end":{"line":114,"column":5}},"13":{"start":{"line":111,"column":8},"end":{"line":111,"column":66}},"14":{"start":{"line":112,"column":8},"end":{"line":112,"column":42}},"15":{"start":{"line":113,"column":8},"end":{"line":113,"column":34}},"16":{"start":{"line":121,"column":33},"end":{"line":158,"column":5}},"17":{"start":{"line":123,"column":8},"end":{"line":157,"column":9}},"18":{"start":{"line":124,"column":12},"end":{"line":127,"column":13}},"19":{"start":{"line":126,"column":16},"end":{"line":126,"column":48}},"20":{"start":{"line":128,"column":12},"end":{"line":131,"column":13}},"21":{"start":{"line":130,"column":16},"end":{"line":130,"column":48}},"22":{"start":{"line":132,"column":12},"end":{"line":132,"column":56}},"23":{"start":{"line":133,"column":12},"end":{"line":133,"column":56}},"24":{"start":{"line":136,"column":15},"end":{"line":157,"column":9}},"25":{"start":{"line":137,"column":12},"end":{"line":143,"column":13}},"26":{"start":{"line":138,"column":16},"end":{"line":138,"column":49}},"27":{"start":{"line":139,"column":16},"end":{"line":142,"column":18}},"28":{"start":{"line":144,"column":12},"end":{"line":150,"column":13}},"29":{"start":{"line":145,"column":16},"end":{"line":145,"column":49}},"30":{"start":{"line":146,"column":16},"end":{"line":149,"column":18}},"31":{"start":{"line":151,"column":12},"end":{"line":151,"column":57}},"32":{"start":{"line":152,"column":12},"end":{"line":152,"column":57}},"33":{"start":{"line":156,"column":12},"end":{"line":156,"column":55}},"34":{"start":{"line":165,"column":35},"end":{"line":173,"column":5}},"35":{"start":{"line":166,"column":8},"end":{"line":172,"column":9}},"36":{"start":{"line":167,"column":12},"end":{"line":167,"column":57}},"37":{"start":{"line":168,"column":12},"end":{"line":168,"column":57}},"38":{"start":{"line":169,"column":15},"end":{"line":172,"column":9}},"39":{"start":{"line":170,"column":12},"end":{"line":170,"column":58}},"40":{"start":{"line":171,"column":12},"end":{"line":171,"column":58}},"41":{"start":{"line":183,"column":14},"end":{"line":198,"column":5}},"42":{"start":{"line":184,"column":22},"end":{"line":184,"column":46}},"43":{"start":{"line":185,"column":8},"end":{"line":191,"column":9}},"44":{"start":{"line":186,"column":12},"end":{"line":186,"column":67}},"45":{"start":{"line":187,"column":12},"end":{"line":187,"column":66}},"46":{"start":{"line":189,"column":12},"end":{"line":189,"column":69}},"47":{"start":{"line":190,"column":12},"end":{"line":190,"column":68}},"48":{"start":{"line":195,"column":8},"end":{"line":197,"column":9}},"49":{"start":{"line":196,"column":12},"end":{"line":196,"column":38}},"50":{"start":{"line":208,"column":19},"end":{"line":213,"column":5}},"51":{"start":{"line":209,"column":22},"end":{"line":209,"column":46}},"52":{"start":{"line":210,"column":8},"end":{"line":212,"column":11}},"53":{"start":{"line":216,"column":8},"end":{"line":216,"column":21}},"54":{"start":{"line":221,"column":8},"end":{"line":223,"column":10}},"55":{"start":{"line":225,"column":8},"end":{"line":225,"column":30}},"56":{"start":{"line":226,"column":8},"end":{"line":226,"column":38}},"57":{"start":{"line":228,"column":8},"end":{"line":228,"column":56}},"58":{"start":{"line":230,"column":8},"end":{"line":235,"column":10}},"59":{"start":{"line":238,"column":8},"end":{"line":238,"column":66}},"60":{"start":{"line":239,"column":8},"end":{"line":239,"column":42}},"61":{"start":{"line":240,"column":8},"end":{"line":240,"column":34}},"62":{"start":{"line":244,"column":33},"end":{"line":244,"column":37}},"63":{"start":{"line":246,"column":8},"end":{"line":263,"column":9}},"64":{"start":{"line":247,"column":12},"end":{"line":247,"column":38}},"65":{"start":{"line":249,"column":12},"end":{"line":262,"column":14}},"66":{"start":{"line":255,"column":28},"end":{"line":258,"column":30}},"67":{"start":{"line":264,"column":8},"end":{"line":357,"column":10}},"68":{"start":{"line":296,"column":32},"end":{"line":296,"column":65}},"69":{"start":{"line":309,"column":32},"end":{"line":314,"column":34}},"70":{"start":{"line":316,"column":32},"end":{"line":318,"column":33}},"71":{"start":{"line":317,"column":36},"end":{"line":317,"column":62}},"72":{"start":{"line":321,"column":32},"end":{"line":326,"column":34}}},"fnMap":{"0":{"name":"(anonymous_0)","decl":{"start":{"line":82,"column":15},"end":{"line":82,"column":16}},"loc":{"start":{"line":82,"column":21},"end":{"line":89,"column":5}},"line":82},"1":{"name":"(anonymous_1)","decl":{"start":{"line":91,"column":15},"end":{"line":91,"column":16}},"loc":{"start":{"line":91,"column":21},"end":{"line":93,"column":5}},"line":91},"2":{"name":"(anonymous_2)","decl":{"start":{"line":98,"column":23},"end":{"line":98,"column":24}},"loc":{"start":{"line":98,"column":29},"end":{"line":105,"column":5}},"line":98},"3":{"name":"(anonymous_3)","decl":{"start":{"line":110,"column":25},"end":{"line":110,"column":26}},"loc":{"start":{"line":110,"column":31},"end":{"line":114,"column":5}},"line":110},"4":{"name":"(anonymous_4)","decl":{"start":{"line":121,"column":33},"end":{"line":121,"column":34}},"loc":{"start":{"line":121,"column":59},"end":{"line":158,"column":5}},"line":121},"5":{"name":"(anonymous_5)","decl":{"start":{"line":165,"column":35},"end":{"line":165,"column":36}},"loc":{"start":{"line":165,"column":61},"end":{"line":173,"column":5}},"line":165},"6":{"name":"(anonymous_6)","decl":{"start":{"line":183,"column":14},"end":{"line":183,"column":15}},"loc":{"start":{"line":183,"column":37},"end":{"line":198,"column":5}},"line":183},"7":{"name":"(anonymous_7)","decl":{"start":{"line":208,"column":19},"end":{"line":208,"column":20}},"loc":{"start":{"line":208,"column":43},"end":{"line":213,"column":5}},"line":208},"8":{"name":"(anonymous_8)","decl":{"start":{"line":215,"column":4},"end":{"line":215,"column":5}},"loc":{"start":{"line":215,"column":23},"end":{"line":241,"column":5}},"line":215},"9":{"name":"(anonymous_9)","decl":{"start":{"line":243,"column":4},"end":{"line":243,"column":5}},"loc":{"start":{"line":243,"column":13},"end":{"line":358,"column":5}},"line":243},"10":{"name":"(anonymous_10)","decl":{"start":{"line":254,"column":34},"end":{"line":254,"column":35}},"loc":{"start":{"line":254,"column":39},"end":{"line":259,"column":25}},"line":254},"11":{"name":"(anonymous_11)","decl":{"start":{"line":295,"column":37},"end":{"line":295,"column":38}},"loc":{"start":{"line":296,"column":32},"end":{"line":296,"column":65}},"line":296},"12":{"name":"(anonymous_12)","decl":{"start":{"line":308,"column":39},"end":{"line":308,"column":40}},"loc":{"start":{"line":308,"column":45},"end":{"line":319,"column":29}},"line":308},"13":{"name":"(anonymous_13)","decl":{"start":{"line":320,"column":41},"end":{"line":320,"column":42}},"loc":{"start":{"line":320,"column":47},"end":{"line":327,"column":29}},"line":320}},"branchMap":{"0":{"loc":{"start":{"line":83,"column":8},"end":{"line":88,"column":9}},"type":"if","locations":[{"start":{"line":83,"column":8},"end":{"line":88,"column":9}},{"start":{"line":83,"column":8},"end":{"line":88,"column":9}}],"line":83},"1":{"loc":{"start":{"line":123,"column":8},"end":{"line":157,"column":9}},"type":"if","locations":[{"start":{"line":123,"column":8},"end":{"line":157,"column":9}},{"start":{"line":123,"column":8},"end":{"line":157,"column":9}}],"line":123},"2":{"loc":{"start":{"line":124,"column":12},"end":{"line":127,"column":13}},"type":"if","locations":[{"start":{"line":124,"column":12},"end":{"line":127,"column":13}},{"start":{"line":124,"column":12},"end":{"line":127,"column":13}}],"line":124},"3":{"loc":{"start":{"line":128,"column":12},"end":{"line":131,"column":13}},"type":"if","locations":[{"start":{"line":128,"column":12},"end":{"line":131,"column":13}},{"start":{"line":128,"column":12},"end":{"line":131,"column":13}}],"line":128},"4":{"loc":{"start":{"line":136,"column":15},"end":{"line":157,"column":9}},"type":"if","locations":[{"start":{"line":136,"column":15},"end":{"line":157,"column":9}},{"start":{"line":136,"column":15},"end":{"line":157,"column":9}}],"line":136},"5":{"loc":{"start":{"line":137,"column":12},"end":{"line":143,"column":13}},"type":"if","locations":[{"start":{"line":137,"column":12},"end":{"line":143,"column":13}},{"start":{"line":137,"column":12},"end":{"line":143,"column":13}}],"line":137},"6":{"loc":{"start":{"line":144,"column":12},"end":{"line":150,"column":13}},"type":"if","locations":[{"start":{"line":144,"column":12},"end":{"line":150,"column":13}},{"start":{"line":144,"column":12},"end":{"line":150,"column":13}}],"line":144},"7":{"loc":{"start":{"line":166,"column":8},"end":{"line":172,"column":9}},"type":"if","locations":[{"start":{"line":166,"column":8},"end":{"line":172,"column":9}},{"start":{"line":166,"column":8},"end":{"line":172,"column":9}}],"line":166},"8":{"loc":{"start":{"line":169,"column":15},"end":{"line":172,"column":9}},"type":"if","locations":[{"start":{"line":169,"column":15},"end":{"line":172,"column":9}},{"start":{"line":169,"column":15},"end":{"line":172,"column":9}}],"line":169},"9":{"loc":{"start":{"line":185,"column":8},"end":{"line":191,"column":9}},"type":"if","locations":[{"start":{"line":185,"column":8},"end":{"line":191,"column":9}},{"start":{"line":185,"column":8},"end":{"line":191,"column":9}}],"line":185},"10":{"loc":{"start":{"line":195,"column":8},"end":{"line":197,"column":9}},"type":"if","locations":[{"start":{"line":195,"column":8},"end":{"line":197,"column":9}},{"start":{"line":195,"column":8},"end":{"line":197,"column":9}}],"line":195},"11":{"loc":{"start":{"line":246,"column":8},"end":{"line":263,"column":9}},"type":"if","locations":[{"start":{"line":246,"column":8},"end":{"line":263,"column":9}},{"start":{"line":246,"column":8},"end":{"line":263,"column":9}}],"line":246},"12":{"loc":{"start":{"line":246,"column":12},"end":{"line":246,"column":77}},"type":"binary-expr","locations":[{"start":{"line":246,"column":12},"end":{"line":246,"column":45}},{"start":{"line":246,"column":49},"end":{"line":246,"column":77}}],"line":246},"13":{"loc":{"start":{"line":316,"column":32},"end":{"line":318,"column":33}},"type":"if","locations":[{"start":{"line":316,"column":32},"end":{"line":318,"column":33}},{"start":{"line":316,"column":32},"end":{"line":318,"column":33}}],"line":316}},"s":{"0":0,"1":0,"2":0,"3":0,"4":0,"5":0,"6":0,"7":0,"8":0,"9":0,"10":0,"11":0,"12":0,"13":0,"14":0,"15":0,"16":0,"17":0,"18":0,"19":0,"20":0,"21":0,"22":0,"23":0,"24":0,"25":0,"26":0,"27":0,"28":0,"29":0,"30":0,"31":0,"32":0,"33":0,"34":0,"35":0,"36":0,"37":0,"38":0,"39":0,"40":0,"41":0,"42":0,"43":0,"44":0,"45":0,"46":0,"47":0,"48":0,"49":0,"50":0,"51":0,"52":0,"53":0,"54":0,"55":0,"56":0,"57":0,"58":0,"59":0,"60":0,"61":0,"62":0,"63":0,"64":0,"65":0,"66":0,"67":0,"68":0,"69":0,"70":0,"71":0,"72":0},"f":{"0":0,"1":0,"2":0,"3":0,"4":0,"5":0,"6":0,"7":0,"8":0,"9":0,"10":0,"11":0,"12":0,"13":0},"b":{"0":[0,0],"1":[0,0],"2":[0,0],"3":[0,0],"4":[0,0],"5":[0,0],"6":[0,0],"7":[0,0],"8":[0,0],"9":[0,0],"10":[0,0],"11":[0,0],"12":[0,0],"13":[0,0]},"hash":"26373faf23da3d16adda733457722d2dd768b4d4"}
,"/Users/haoyu/Projects/InstallMaster/ResponseFileWeb/src/Components/ContentPages/MSTR2020/Linux/IdentityConfiguration/LinIdentityConfigStep1.js": {"path":"/Users/haoyu/Projects/InstallMaster/ResponseFileWeb/src/Components/ContentPages/MSTR2020/Linux/IdentityConfiguration/LinIdentityConfigStep1.js","statementMap":{"0":{"start":{"line":19,"column":20},"end":{"line":19,"column":21}},"1":{"start":{"line":22,"column":15},"end":{"line":28,"column":5}},"2":{"start":{"line":23,"column":8},"end":{"line":27,"column":11}},"3":{"start":{"line":24,"column":12},"end":{"line":26,"column":13}},"4":{"start":{"line":25,"column":16},"end":{"line":25,"column":38}},"5":{"start":{"line":30,"column":15},"end":{"line":32,"column":5}},"6":{"start":{"line":31,"column":8},"end":{"line":31,"column":30}},"7":{"start":{"line":40,"column":26},"end":{"line":78,"column":5}},"8":{"start":{"line":41,"column":38},"end":{"line":41,"column":53}},"9":{"start":{"line":42,"column":8},"end":{"line":77,"column":11}},"10":{"start":{"line":43,"column":12},"end":{"line":76,"column":24}},"11":{"start":{"line":58,"column":32},"end":{"line":61,"column":34}},"12":{"start":{"line":68,"column":32},"end":{"line":71,"column":34}},"13":{"start":{"line":81,"column":8},"end":{"line":84,"column":9}},"14":{"start":{"line":83,"column":12},"end":{"line":83,"column":78}},"15":{"start":{"line":86,"column":8},"end":{"line":89,"column":9}},"16":{"start":{"line":88,"column":12},"end":{"line":88,"column":78}},"17":{"start":{"line":93,"column":8},"end":{"line":173,"column":10}},"18":{"start":{"line":136,"column":32},"end":{"line":139,"column":34}},"19":{"start":{"line":177,"column":35},"end":{"line":179,"column":23}}},"fnMap":{"0":{"name":"(anonymous_0)","decl":{"start":{"line":22,"column":15},"end":{"line":22,"column":16}},"loc":{"start":{"line":22,"column":21},"end":{"line":28,"column":5}},"line":22},"1":{"name":"(anonymous_1)","decl":{"start":{"line":23,"column":48},"end":{"line":23,"column":49}},"loc":{"start":{"line":23,"column":65},"end":{"line":27,"column":9}},"line":23},"2":{"name":"(anonymous_2)","decl":{"start":{"line":30,"column":15},"end":{"line":30,"column":16}},"loc":{"start":{"line":30,"column":21},"end":{"line":32,"column":5}},"line":30},"3":{"name":"(anonymous_3)","decl":{"start":{"line":40,"column":26},"end":{"line":40,"column":27}},"loc":{"start":{"line":40,"column":38},"end":{"line":78,"column":5}},"line":40},"4":{"name":"(anonymous_4)","decl":{"start":{"line":42,"column":28},"end":{"line":42,"column":29}},"loc":{"start":{"line":43,"column":12},"end":{"line":76,"column":24}},"line":43},"5":{"name":"(anonymous_5)","decl":{"start":{"line":57,"column":38},"end":{"line":57,"column":39}},"loc":{"start":{"line":57,"column":43},"end":{"line":62,"column":29}},"line":57},"6":{"name":"(anonymous_6)","decl":{"start":{"line":67,"column":38},"end":{"line":67,"column":39}},"loc":{"start":{"line":67,"column":43},"end":{"line":72,"column":29}},"line":67},"7":{"name":"(anonymous_7)","decl":{"start":{"line":80,"column":4},"end":{"line":80,"column":5}},"loc":{"start":{"line":80,"column":24},"end":{"line":90,"column":5}},"line":80},"8":{"name":"(anonymous_8)","decl":{"start":{"line":92,"column":4},"end":{"line":92,"column":5}},"loc":{"start":{"line":92,"column":13},"end":{"line":174,"column":5}},"line":92},"9":{"name":"(anonymous_9)","decl":{"start":{"line":135,"column":38},"end":{"line":135,"column":39}},"loc":{"start":{"line":135,"column":43},"end":{"line":140,"column":29}},"line":135}},"branchMap":{"0":{"loc":{"start":{"line":24,"column":12},"end":{"line":26,"column":13}},"type":"if","locations":[{"start":{"line":24,"column":12},"end":{"line":26,"column":13}},{"start":{"line":24,"column":12},"end":{"line":26,"column":13}}],"line":24},"1":{"loc":{"start":{"line":54,"column":20},"end":{"line":74,"column":21}},"type":"cond-expr","locations":[{"start":{"line":55,"column":24},"end":{"line":63,"column":26}},{"start":{"line":65,"column":24},"end":{"line":73,"column":26}}],"line":54}},"s":{"0":0,"1":0,"2":0,"3":0,"4":0,"5":0,"6":0,"7":0,"8":0,"9":0,"10":0,"11":0,"12":0,"13":0,"14":0,"15":0,"16":0,"17":0,"18":0,"19":0},"f":{"0":0,"1":0,"2":0,"3":0,"4":0,"5":0,"6":0,"7":0,"8":0,"9":0},"b":{"0":[0,0],"1":[0,0]},"hash":"215388572b723df8c0924f74468c24498357676d"}
,"/Users/haoyu/Projects/InstallMaster/ResponseFileWeb/src/Components/ContentPages/MSTR2020/Linux/IdentityConfiguration/LinIdentityConfigStep2.js": {"path":"/Users/haoyu/Projects/InstallMaster/ResponseFileWeb/src/Components/ContentPages/MSTR2020/Linux/IdentityConfiguration/LinIdentityConfigStep2.js","statementMap":{"0":{"start":{"line":19,"column":20},"end":{"line":19,"column":21}},"1":{"start":{"line":22,"column":15},"end":{"line":28,"column":5}},"2":{"start":{"line":23,"column":8},"end":{"line":27,"column":11}},"3":{"start":{"line":24,"column":12},"end":{"line":26,"column":13}},"4":{"start":{"line":25,"column":16},"end":{"line":25,"column":38}},"5":{"start":{"line":30,"column":15},"end":{"line":32,"column":5}},"6":{"start":{"line":31,"column":8},"end":{"line":31,"column":30}},"7":{"start":{"line":40,"column":26},"end":{"line":78,"column":5}},"8":{"start":{"line":41,"column":38},"end":{"line":41,"column":53}},"9":{"start":{"line":42,"column":8},"end":{"line":77,"column":11}},"10":{"start":{"line":43,"column":12},"end":{"line":76,"column":24}},"11":{"start":{"line":58,"column":32},"end":{"line":61,"column":34}},"12":{"start":{"line":68,"column":32},"end":{"line":71,"column":34}},"13":{"start":{"line":81,"column":8},"end":{"line":84,"column":9}},"14":{"start":{"line":83,"column":12},"end":{"line":83,"column":78}},"15":{"start":{"line":88,"column":8},"end":{"line":146,"column":10}},"16":{"start":{"line":150,"column":35},"end":{"line":152,"column":23}}},"fnMap":{"0":{"name":"(anonymous_0)","decl":{"start":{"line":22,"column":15},"end":{"line":22,"column":16}},"loc":{"start":{"line":22,"column":21},"end":{"line":28,"column":5}},"line":22},"1":{"name":"(anonymous_1)","decl":{"start":{"line":23,"column":48},"end":{"line":23,"column":49}},"loc":{"start":{"line":23,"column":65},"end":{"line":27,"column":9}},"line":23},"2":{"name":"(anonymous_2)","decl":{"start":{"line":30,"column":15},"end":{"line":30,"column":16}},"loc":{"start":{"line":30,"column":21},"end":{"line":32,"column":5}},"line":30},"3":{"name":"(anonymous_3)","decl":{"start":{"line":40,"column":26},"end":{"line":40,"column":27}},"loc":{"start":{"line":40,"column":38},"end":{"line":78,"column":5}},"line":40},"4":{"name":"(anonymous_4)","decl":{"start":{"line":42,"column":28},"end":{"line":42,"column":29}},"loc":{"start":{"line":43,"column":12},"end":{"line":76,"column":24}},"line":43},"5":{"name":"(anonymous_5)","decl":{"start":{"line":57,"column":38},"end":{"line":57,"column":39}},"loc":{"start":{"line":57,"column":43},"end":{"line":62,"column":29}},"line":57},"6":{"name":"(anonymous_6)","decl":{"start":{"line":67,"column":38},"end":{"line":67,"column":39}},"loc":{"start":{"line":67,"column":43},"end":{"line":72,"column":29}},"line":67},"7":{"name":"(anonymous_7)","decl":{"start":{"line":80,"column":4},"end":{"line":80,"column":5}},"loc":{"start":{"line":80,"column":24},"end":{"line":85,"column":5}},"line":80},"8":{"name":"(anonymous_8)","decl":{"start":{"line":87,"column":4},"end":{"line":87,"column":5}},"loc":{"start":{"line":87,"column":13},"end":{"line":147,"column":5}},"line":87}},"branchMap":{"0":{"loc":{"start":{"line":24,"column":12},"end":{"line":26,"column":13}},"type":"if","locations":[{"start":{"line":24,"column":12},"end":{"line":26,"column":13}},{"start":{"line":24,"column":12},"end":{"line":26,"column":13}}],"line":24},"1":{"loc":{"start":{"line":54,"column":20},"end":{"line":74,"column":21}},"type":"cond-expr","locations":[{"start":{"line":55,"column":24},"end":{"line":63,"column":26}},{"start":{"line":65,"column":24},"end":{"line":73,"column":26}}],"line":54}},"s":{"0":0,"1":0,"2":0,"3":0,"4":0,"5":0,"6":0,"7":0,"8":0,"9":0,"10":0,"11":0,"12":0,"13":0,"14":0,"15":0,"16":0},"f":{"0":0,"1":0,"2":0,"3":0,"4":0,"5":0,"6":0,"7":0,"8":0},"b":{"0":[0,0],"1":[0,0]},"hash":"4cf8be2c6f1be42930ebb23b7e6a9fa62b0a2f46"}
,"/Users/haoyu/Projects/InstallMaster/ResponseFileWeb/src/Components/ContentPages/MSTR2020/Linux/IdentityConfiguration/LinIdentityConfigStep3.js": {"path":"/Users/haoyu/Projects/InstallMaster/ResponseFileWeb/src/Components/ContentPages/MSTR2020/Linux/IdentityConfiguration/LinIdentityConfigStep3.js","statementMap":{"0":{"start":{"line":19,"column":20},"end":{"line":19,"column":21}},"1":{"start":{"line":22,"column":15},"end":{"line":28,"column":5}},"2":{"start":{"line":23,"column":8},"end":{"line":27,"column":11}},"3":{"start":{"line":24,"column":12},"end":{"line":26,"column":13}},"4":{"start":{"line":25,"column":16},"end":{"line":25,"column":38}},"5":{"start":{"line":30,"column":15},"end":{"line":32,"column":5}},"6":{"start":{"line":31,"column":8},"end":{"line":31,"column":30}},"7":{"start":{"line":40,"column":26},"end":{"line":78,"column":5}},"8":{"start":{"line":41,"column":38},"end":{"line":41,"column":53}},"9":{"start":{"line":42,"column":8},"end":{"line":77,"column":11}},"10":{"start":{"line":43,"column":12},"end":{"line":76,"column":24}},"11":{"start":{"line":58,"column":32},"end":{"line":61,"column":34}},"12":{"start":{"line":68,"column":32},"end":{"line":71,"column":34}},"13":{"start":{"line":80,"column":21},"end":{"line":99,"column":5}},"14":{"start":{"line":81,"column":8},"end":{"line":84,"column":10}},"15":{"start":{"line":85,"column":8},"end":{"line":98,"column":9}},"16":{"start":{"line":86,"column":12},"end":{"line":89,"column":14}},"17":{"start":{"line":90,"column":12},"end":{"line":93,"column":14}},"18":{"start":{"line":94,"column":12},"end":{"line":97,"column":14}},"19":{"start":{"line":102,"column":8},"end":{"line":105,"column":9}},"20":{"start":{"line":104,"column":12},"end":{"line":104,"column":78}},"21":{"start":{"line":107,"column":8},"end":{"line":110,"column":9}},"22":{"start":{"line":109,"column":12},"end":{"line":109,"column":78}},"23":{"start":{"line":113,"column":8},"end":{"line":126,"column":9}},"24":{"start":{"line":114,"column":12},"end":{"line":117,"column":14}},"25":{"start":{"line":118,"column":12},"end":{"line":121,"column":14}},"26":{"start":{"line":122,"column":12},"end":{"line":125,"column":14}},"27":{"start":{"line":130,"column":25},"end":{"line":130,"column":29}},"28":{"start":{"line":131,"column":8},"end":{"line":135,"column":9}},"29":{"start":{"line":132,"column":12},"end":{"line":134,"column":14}},"30":{"start":{"line":137,"column":8},"end":{"line":205,"column":10}},"31":{"start":{"line":209,"column":35},"end":{"line":211,"column":23}}},"fnMap":{"0":{"name":"(anonymous_0)","decl":{"start":{"line":22,"column":15},"end":{"line":22,"column":16}},"loc":{"start":{"line":22,"column":21},"end":{"line":28,"column":5}},"line":22},"1":{"name":"(anonymous_1)","decl":{"start":{"line":23,"column":48},"end":{"line":23,"column":49}},"loc":{"start":{"line":23,"column":65},"end":{"line":27,"column":9}},"line":23},"2":{"name":"(anonymous_2)","decl":{"start":{"line":30,"column":15},"end":{"line":30,"column":16}},"loc":{"start":{"line":30,"column":21},"end":{"line":32,"column":5}},"line":30},"3":{"name":"(anonymous_3)","decl":{"start":{"line":40,"column":26},"end":{"line":40,"column":27}},"loc":{"start":{"line":40,"column":38},"end":{"line":78,"column":5}},"line":40},"4":{"name":"(anonymous_4)","decl":{"start":{"line":42,"column":28},"end":{"line":42,"column":29}},"loc":{"start":{"line":43,"column":12},"end":{"line":76,"column":24}},"line":43},"5":{"name":"(anonymous_5)","decl":{"start":{"line":57,"column":38},"end":{"line":57,"column":39}},"loc":{"start":{"line":57,"column":43},"end":{"line":62,"column":29}},"line":57},"6":{"name":"(anonymous_6)","decl":{"start":{"line":67,"column":38},"end":{"line":67,"column":39}},"loc":{"start":{"line":67,"column":43},"end":{"line":72,"column":29}},"line":67},"7":{"name":"(anonymous_7)","decl":{"start":{"line":80,"column":21},"end":{"line":80,"column":22}},"loc":{"start":{"line":80,"column":26},"end":{"line":99,"column":5}},"line":80},"8":{"name":"(anonymous_8)","decl":{"start":{"line":101,"column":4},"end":{"line":101,"column":5}},"loc":{"start":{"line":101,"column":24},"end":{"line":127,"column":5}},"line":101},"9":{"name":"(anonymous_9)","decl":{"start":{"line":129,"column":4},"end":{"line":129,"column":5}},"loc":{"start":{"line":129,"column":13},"end":{"line":206,"column":5}},"line":129}},"branchMap":{"0":{"loc":{"start":{"line":24,"column":12},"end":{"line":26,"column":13}},"type":"if","locations":[{"start":{"line":24,"column":12},"end":{"line":26,"column":13}},{"start":{"line":24,"column":12},"end":{"line":26,"column":13}}],"line":24},"1":{"loc":{"start":{"line":54,"column":20},"end":{"line":74,"column":21}},"type":"cond-expr","locations":[{"start":{"line":55,"column":24},"end":{"line":63,"column":26}},{"start":{"line":65,"column":24},"end":{"line":73,"column":26}}],"line":54},"2":{"loc":{"start":{"line":85,"column":8},"end":{"line":98,"column":9}},"type":"if","locations":[{"start":{"line":85,"column":8},"end":{"line":98,"column":9}},{"start":{"line":85,"column":8},"end":{"line":98,"column":9}}],"line":85},"3":{"loc":{"start":{"line":113,"column":8},"end":{"line":126,"column":9}},"type":"if","locations":[{"start":{"line":113,"column":8},"end":{"line":126,"column":9}},{"start":{"line":113,"column":8},"end":{"line":126,"column":9}}],"line":113},"4":{"loc":{"start":{"line":131,"column":8},"end":{"line":135,"column":9}},"type":"if","locations":[{"start":{"line":131,"column":8},"end":{"line":135,"column":9}},{"start":{"line":131,"column":8},"end":{"line":135,"column":9}}],"line":131}},"s":{"0":0,"1":0,"2":0,"3":0,"4":0,"5":0,"6":0,"7":0,"8":0,"9":0,"10":0,"11":0,"12":0,"13":0,"14":0,"15":0,"16":0,"17":0,"18":0,"19":0,"20":0,"21":0,"22":0,"23":0,"24":0,"25":0,"26":0,"27":0,"28":0,"29":0,"30":0,"31":0},"f":{"0":0,"1":0,"2":0,"3":0,"4":0,"5":0,"6":0,"7":0,"8":0,"9":0},"b":{"0":[0,0],"1":[0,0],"2":[0,0],"3":[0,0],"4":[0,0]},"hash":"29edde0bf910a0538a5b64b0bb7b5da84b48a42b"}
,"/Users/haoyu/Projects/InstallMaster/ResponseFileWeb/src/Components/ContentPages/MSTR2020/Linux/IdentityManager/LinIdentityManager.js": {"path":"/Users/haoyu/Projects/InstallMaster/ResponseFileWeb/src/Components/ContentPages/MSTR2020/Linux/IdentityManager/LinIdentityManager.js","statementMap":{"0":{"start":{"line":21,"column":20},"end":{"line":21,"column":21}},"1":{"start":{"line":24,"column":15},"end":{"line":30,"column":5}},"2":{"start":{"line":25,"column":8},"end":{"line":29,"column":11}},"3":{"start":{"line":26,"column":12},"end":{"line":28,"column":13}},"4":{"start":{"line":27,"column":16},"end":{"line":27,"column":38}},"5":{"start":{"line":32,"column":15},"end":{"line":34,"column":5}},"6":{"start":{"line":33,"column":8},"end":{"line":33,"column":30}},"7":{"start":{"line":40,"column":21},"end":{"line":65,"column":5}},"8":{"start":{"line":41,"column":8},"end":{"line":44,"column":10}},"9":{"start":{"line":46,"column":8},"end":{"line":64,"column":9}},"10":{"start":{"line":47,"column":12},"end":{"line":50,"column":14}},"11":{"start":{"line":51,"column":12},"end":{"line":54,"column":14}},"12":{"start":{"line":55,"column":12},"end":{"line":58,"column":14}},"13":{"start":{"line":60,"column":12},"end":{"line":63,"column":14}},"14":{"start":{"line":73,"column":26},"end":{"line":111,"column":5}},"15":{"start":{"line":74,"column":38},"end":{"line":74,"column":53}},"16":{"start":{"line":75,"column":8},"end":{"line":110,"column":11}},"17":{"start":{"line":76,"column":12},"end":{"line":109,"column":24}},"18":{"start":{"line":91,"column":32},"end":{"line":94,"column":34}},"19":{"start":{"line":101,"column":32},"end":{"line":104,"column":34}},"20":{"start":{"line":117,"column":8},"end":{"line":120,"column":9}},"21":{"start":{"line":119,"column":12},"end":{"line":119,"column":78}},"22":{"start":{"line":122,"column":8},"end":{"line":125,"column":9}},"23":{"start":{"line":124,"column":12},"end":{"line":124,"column":78}},"24":{"start":{"line":126,"column":8},"end":{"line":128,"column":9}},"25":{"start":{"line":127,"column":12},"end":{"line":127,"column":78}},"26":{"start":{"line":132,"column":30},"end":{"line":132,"column":34}},"27":{"start":{"line":133,"column":8},"end":{"line":137,"column":9}},"28":{"start":{"line":134,"column":12},"end":{"line":136,"column":14}},"29":{"start":{"line":138,"column":8},"end":{"line":236,"column":10}},"30":{"start":{"line":185,"column":43},"end":{"line":185,"column":65}},"31":{"start":{"line":199,"column":32},"end":{"line":202,"column":34}},"32":{"start":{"line":240,"column":24},"end":{"line":242,"column":25}}},"fnMap":{"0":{"name":"(anonymous_0)","decl":{"start":{"line":24,"column":15},"end":{"line":24,"column":16}},"loc":{"start":{"line":24,"column":21},"end":{"line":30,"column":5}},"line":24},"1":{"name":"(anonymous_1)","decl":{"start":{"line":25,"column":48},"end":{"line":25,"column":49}},"loc":{"start":{"line":25,"column":65},"end":{"line":29,"column":9}},"line":25},"2":{"name":"(anonymous_2)","decl":{"start":{"line":32,"column":15},"end":{"line":32,"column":16}},"loc":{"start":{"line":32,"column":21},"end":{"line":34,"column":5}},"line":32},"3":{"name":"(anonymous_3)","decl":{"start":{"line":40,"column":21},"end":{"line":40,"column":22}},"loc":{"start":{"line":40,"column":26},"end":{"line":65,"column":5}},"line":40},"4":{"name":"(anonymous_4)","decl":{"start":{"line":73,"column":26},"end":{"line":73,"column":27}},"loc":{"start":{"line":73,"column":38},"end":{"line":111,"column":5}},"line":73},"5":{"name":"(anonymous_5)","decl":{"start":{"line":75,"column":28},"end":{"line":75,"column":29}},"loc":{"start":{"line":76,"column":12},"end":{"line":109,"column":24}},"line":76},"6":{"name":"(anonymous_6)","decl":{"start":{"line":90,"column":38},"end":{"line":90,"column":39}},"loc":{"start":{"line":90,"column":43},"end":{"line":95,"column":29}},"line":90},"7":{"name":"(anonymous_7)","decl":{"start":{"line":100,"column":38},"end":{"line":100,"column":39}},"loc":{"start":{"line":100,"column":43},"end":{"line":105,"column":29}},"line":100},"8":{"name":"(anonymous_8)","decl":{"start":{"line":116,"column":4},"end":{"line":116,"column":5}},"loc":{"start":{"line":116,"column":24},"end":{"line":129,"column":5}},"line":116},"9":{"name":"(anonymous_9)","decl":{"start":{"line":131,"column":4},"end":{"line":131,"column":5}},"loc":{"start":{"line":131,"column":13},"end":{"line":237,"column":5}},"line":131},"10":{"name":"(anonymous_10)","decl":{"start":{"line":185,"column":38},"end":{"line":185,"column":39}},"loc":{"start":{"line":185,"column":43},"end":{"line":185,"column":65}},"line":185},"11":{"name":"(anonymous_11)","decl":{"start":{"line":198,"column":38},"end":{"line":198,"column":39}},"loc":{"start":{"line":198,"column":43},"end":{"line":203,"column":29}},"line":198}},"branchMap":{"0":{"loc":{"start":{"line":26,"column":12},"end":{"line":28,"column":13}},"type":"if","locations":[{"start":{"line":26,"column":12},"end":{"line":28,"column":13}},{"start":{"line":26,"column":12},"end":{"line":28,"column":13}}],"line":26},"1":{"loc":{"start":{"line":46,"column":8},"end":{"line":64,"column":9}},"type":"if","locations":[{"start":{"line":46,"column":8},"end":{"line":64,"column":9}},{"start":{"line":46,"column":8},"end":{"line":64,"column":9}}],"line":46},"2":{"loc":{"start":{"line":87,"column":20},"end":{"line":107,"column":21}},"type":"cond-expr","locations":[{"start":{"line":88,"column":24},"end":{"line":96,"column":26}},{"start":{"line":98,"column":24},"end":{"line":106,"column":26}}],"line":87},"3":{"loc":{"start":{"line":133,"column":8},"end":{"line":137,"column":9}},"type":"if","locations":[{"start":{"line":133,"column":8},"end":{"line":137,"column":9}},{"start":{"line":133,"column":8},"end":{"line":137,"column":9}}],"line":133},"4":{"loc":{"start":{"line":144,"column":28},"end":{"line":154,"column":45}},"type":"cond-expr","locations":[{"start":{"line":147,"column":34},"end":{"line":150,"column":45}},{"start":{"line":151,"column":34},"end":{"line":154,"column":45}}],"line":144}},"s":{"0":0,"1":0,"2":0,"3":0,"4":0,"5":0,"6":0,"7":0,"8":0,"9":0,"10":0,"11":0,"12":0,"13":0,"14":0,"15":0,"16":0,"17":0,"18":0,"19":0,"20":0,"21":0,"22":0,"23":0,"24":0,"25":0,"26":0,"27":0,"28":0,"29":0,"30":0,"31":0,"32":0},"f":{"0":0,"1":0,"2":0,"3":0,"4":0,"5":0,"6":0,"7":0,"8":0,"9":0,"10":0,"11":0},"b":{"0":[0,0],"1":[0,0],"2":[0,0],"3":[0,0],"4":[0,0]},"hash":"f2ce2b074b5ba7e608b4e8e4fd8a20ccfff979cd"}
,"/Users/haoyu/Projects/InstallMaster/ResponseFileWeb/src/Components/ContentPages/MSTR2020/Linux/RegisteringAsService/LinRegisteringAsService.js": {"path":"/Users/haoyu/Projects/InstallMaster/ResponseFileWeb/src/Components/ContentPages/MSTR2020/Linux/RegisteringAsService/LinRegisteringAsService.js","statementMap":{"0":{"start":{"line":20,"column":20},"end":{"line":20,"column":21}},"1":{"start":{"line":23,"column":15},"end":{"line":29,"column":5}},"2":{"start":{"line":24,"column":8},"end":{"line":28,"column":11}},"3":{"start":{"line":25,"column":12},"end":{"line":27,"column":13}},"4":{"start":{"line":26,"column":16},"end":{"line":26,"column":38}},"5":{"start":{"line":31,"column":15},"end":{"line":33,"column":5}},"6":{"start":{"line":32,"column":8},"end":{"line":32,"column":30}},"7":{"start":{"line":36,"column":8},"end":{"line":39,"column":9}},"8":{"start":{"line":38,"column":12},"end":{"line":38,"column":78}},"9":{"start":{"line":48,"column":26},"end":{"line":86,"column":5}},"10":{"start":{"line":49,"column":38},"end":{"line":49,"column":53}},"11":{"start":{"line":50,"column":8},"end":{"line":85,"column":11}},"12":{"start":{"line":51,"column":12},"end":{"line":84,"column":24}},"13":{"start":{"line":66,"column":32},"end":{"line":69,"column":34}},"14":{"start":{"line":76,"column":32},"end":{"line":79,"column":34}},"15":{"start":{"line":89,"column":8},"end":{"line":172,"column":10}},"16":{"start":{"line":120,"column":32},"end":{"line":123,"column":34}},"17":{"start":{"line":176,"column":36},"end":{"line":178,"column":24}}},"fnMap":{"0":{"name":"(anonymous_0)","decl":{"start":{"line":23,"column":15},"end":{"line":23,"column":16}},"loc":{"start":{"line":23,"column":21},"end":{"line":29,"column":5}},"line":23},"1":{"name":"(anonymous_1)","decl":{"start":{"line":24,"column":48},"end":{"line":24,"column":49}},"loc":{"start":{"line":24,"column":65},"end":{"line":28,"column":9}},"line":24},"2":{"name":"(anonymous_2)","decl":{"start":{"line":31,"column":15},"end":{"line":31,"column":16}},"loc":{"start":{"line":31,"column":21},"end":{"line":33,"column":5}},"line":31},"3":{"name":"(anonymous_3)","decl":{"start":{"line":35,"column":4},"end":{"line":35,"column":5}},"loc":{"start":{"line":35,"column":24},"end":{"line":40,"column":5}},"line":35},"4":{"name":"(anonymous_4)","decl":{"start":{"line":48,"column":26},"end":{"line":48,"column":27}},"loc":{"start":{"line":48,"column":38},"end":{"line":86,"column":5}},"line":48},"5":{"name":"(anonymous_5)","decl":{"start":{"line":50,"column":28},"end":{"line":50,"column":29}},"loc":{"start":{"line":51,"column":12},"end":{"line":84,"column":24}},"line":51},"6":{"name":"(anonymous_6)","decl":{"start":{"line":65,"column":38},"end":{"line":65,"column":39}},"loc":{"start":{"line":65,"column":43},"end":{"line":70,"column":29}},"line":65},"7":{"name":"(anonymous_7)","decl":{"start":{"line":75,"column":38},"end":{"line":75,"column":39}},"loc":{"start":{"line":75,"column":43},"end":{"line":80,"column":29}},"line":75},"8":{"name":"(anonymous_8)","decl":{"start":{"line":88,"column":4},"end":{"line":88,"column":5}},"loc":{"start":{"line":88,"column":13},"end":{"line":173,"column":5}},"line":88},"9":{"name":"(anonymous_9)","decl":{"start":{"line":119,"column":38},"end":{"line":119,"column":39}},"loc":{"start":{"line":119,"column":43},"end":{"line":124,"column":29}},"line":119}},"branchMap":{"0":{"loc":{"start":{"line":25,"column":12},"end":{"line":27,"column":13}},"type":"if","locations":[{"start":{"line":25,"column":12},"end":{"line":27,"column":13}},{"start":{"line":25,"column":12},"end":{"line":27,"column":13}}],"line":25},"1":{"loc":{"start":{"line":62,"column":20},"end":{"line":82,"column":21}},"type":"cond-expr","locations":[{"start":{"line":63,"column":24},"end":{"line":71,"column":26}},{"start":{"line":73,"column":24},"end":{"line":81,"column":26}}],"line":62}},"s":{"0":0,"1":0,"2":0,"3":0,"4":0,"5":0,"6":0,"7":0,"8":0,"9":0,"10":0,"11":0,"12":0,"13":0,"14":0,"15":0,"16":0,"17":0},"f":{"0":0,"1":0,"2":0,"3":0,"4":0,"5":0,"6":0,"7":0,"8":0,"9":0},"b":{"0":[0,0],"1":[0,0]},"hash":"3bcd5c37a0b45e99c1383cfa795a821bb202814f"}
,"/Users/haoyu/Projects/InstallMaster/ResponseFileWeb/src/Components/ContentPages/MSTR2020/Linux/Summary/LinSummary.js": {"path":"/Users/haoyu/Projects/InstallMaster/ResponseFileWeb/src/Components/ContentPages/MSTR2020/Linux/Summary/LinSummary.js","statementMap":{"0":{"start":{"line":20,"column":15},"end":{"line":22,"column":5}},"1":{"start":{"line":21,"column":8},"end":{"line":21,"column":30}},"2":{"start":{"line":29,"column":27},"end":{"line":35,"column":5}},"3":{"start":{"line":30,"column":8},"end":{"line":34,"column":9}},"4":{"start":{"line":31,"column":12},"end":{"line":31,"column":26}},"5":{"start":{"line":33,"column":12},"end":{"line":33,"column":27}},"6":{"start":{"line":40,"column":22},"end":{"line":50,"column":5}},"7":{"start":{"line":41,"column":24},"end":{"line":41,"column":51}},"8":{"start":{"line":42,"column":18},"end":{"line":42,"column":47}},"9":{"start":{"line":43,"column":21},"end":{"line":45,"column":10}},"10":{"start":{"line":46,"column":8},"end":{"line":46,"column":49}},"11":{"start":{"line":47,"column":8},"end":{"line":47,"column":40}},"12":{"start":{"line":48,"column":8},"end":{"line":48,"column":43}},"13":{"start":{"line":49,"column":8},"end":{"line":49,"column":24}},"14":{"start":{"line":53,"column":8},"end":{"line":109,"column":10}}},"fnMap":{"0":{"name":"(anonymous_0)","decl":{"start":{"line":20,"column":15},"end":{"line":20,"column":16}},"loc":{"start":{"line":20,"column":21},"end":{"line":22,"column":5}},"line":20},"1":{"name":"(anonymous_1)","decl":{"start":{"line":29,"column":27},"end":{"line":29,"column":28}},"loc":{"start":{"line":29,"column":38},"end":{"line":35,"column":5}},"line":29},"2":{"name":"(anonymous_2)","decl":{"start":{"line":40,"column":22},"end":{"line":40,"column":23}},"loc":{"start":{"line":40,"column":28},"end":{"line":50,"column":5}},"line":40},"3":{"name":"(anonymous_3)","decl":{"start":{"line":52,"column":4},"end":{"line":52,"column":5}},"loc":{"start":{"line":52,"column":13},"end":{"line":110,"column":5}},"line":52}},"branchMap":{"0":{"loc":{"start":{"line":30,"column":8},"end":{"line":34,"column":9}},"type":"if","locations":[{"start":{"line":30,"column":8},"end":{"line":34,"column":9}},{"start":{"line":30,"column":8},"end":{"line":34,"column":9}}],"line":30}},"s":{"0":0,"1":0,"2":0,"3":0,"4":0,"5":0,"6":0,"7":0,"8":0,"9":0,"10":0,"11":0,"12":0,"13":0,"14":0},"f":{"0":0,"1":0,"2":0,"3":0},"b":{"0":[0,0]},"hash":"9ffc296ae688d07b08b7ecba6c8dde1e449792d5"}
,"/Users/haoyu/Projects/InstallMaster/ResponseFileWeb/src/Components/ContentPages/MSTR2020/Linux/TelemetryConfiguration/LinTelemetryConfiguration.js": {"path":"/Users/haoyu/Projects/InstallMaster/ResponseFileWeb/src/Components/ContentPages/MSTR2020/Linux/TelemetryConfiguration/LinTelemetryConfiguration.js","statementMap":{"0":{"start":{"line":19,"column":20},"end":{"line":19,"column":21}},"1":{"start":{"line":23,"column":8},"end":{"line":23,"column":21}},"2":{"start":{"line":24,"column":8},"end":{"line":24,"column":22}},"3":{"start":{"line":26,"column":15},"end":{"line":41,"column":5}},"4":{"start":{"line":27,"column":8},"end":{"line":40,"column":9}},"5":{"start":{"line":28,"column":12},"end":{"line":37,"column":15}},"6":{"start":{"line":29,"column":16},"end":{"line":36,"column":17}},"7":{"start":{"line":30,"column":46},"end":{"line":30,"column":52}},"8":{"start":{"line":31,"column":20},"end":{"line":34,"column":22}},"9":{"start":{"line":33,"column":40},"end":{"line":33,"column":52}},"10":{"start":{"line":35,"column":20},"end":{"line":35,"column":42}},"11":{"start":{"line":39,"column":12},"end":{"line":39,"column":34}},"12":{"start":{"line":43,"column":15},"end":{"line":45,"column":5}},"13":{"start":{"line":44,"column":8},"end":{"line":44,"column":30}},"14":{"start":{"line":51,"column":13},"end":{"line":60,"column":5}},"15":{"start":{"line":52,"column":25},"end":{"line":52,"column":35}},"16":{"start":{"line":53,"column":21},"end":{"line":53,"column":47}},"17":{"start":{"line":54,"column":8},"end":{"line":56,"column":9}},"18":{"start":{"line":55,"column":12},"end":{"line":55,"column":19}},"19":{"start":{"line":57,"column":8},"end":{"line":59,"column":11}},"20":{"start":{"line":58,"column":37},"end":{"line":58,"column":46}},"21":{"start":{"line":65,"column":10},"end":{"line":72,"column":5}},"22":{"start":{"line":66,"column":25},"end":{"line":66,"column":35}},"23":{"start":{"line":67,"column":21},"end":{"line":67,"column":47}},"24":{"start":{"line":68,"column":25},"end":{"line":68,"column":49}},"25":{"start":{"line":69,"column":8},"end":{"line":71,"column":11}},"26":{"start":{"line":79,"column":24},"end":{"line":86,"column":5}},"27":{"start":{"line":80,"column":50},"end":{"line":80,"column":65}},"28":{"start":{"line":81,"column":8},"end":{"line":85,"column":9}},"29":{"start":{"line":82,"column":12},"end":{"line":84,"column":15}},"30":{"start":{"line":93,"column":50},"end":{"line":95,"column":9}},"31":{"start":{"line":96,"column":23},"end":{"line":96,"column":25}},"32":{"start":{"line":97,"column":8},"end":{"line":100,"column":9}},"33":{"start":{"line":97,"column":21},"end":{"line":97,"column":22}},"34":{"start":{"line":98,"column":12},"end":{"line":98,"column":50}},"35":{"start":{"line":99,"column":12},"end":{"line":99,"column":38}},"36":{"start":{"line":101,"column":8},"end":{"line":101,"column":24}},"37":{"start":{"line":110,"column":26},"end":{"line":148,"column":5}},"38":{"start":{"line":111,"column":38},"end":{"line":111,"column":53}},"39":{"start":{"line":112,"column":8},"end":{"line":147,"column":11}},"40":{"start":{"line":113,"column":12},"end":{"line":146,"column":24}},"41":{"start":{"line":128,"column":32},"end":{"line":131,"column":34}},"42":{"start":{"line":138,"column":32},"end":{"line":141,"column":34}},"43":{"start":{"line":151,"column":35},"end":{"line":151,"column":50}},"44":{"start":{"line":152,"column":50},"end":{"line":154,"column":9}},"45":{"start":{"line":155,"column":22},"end":{"line":155,"column":24}},"46":{"start":{"line":156,"column":8},"end":{"line":158,"column":9}},"47":{"start":{"line":156,"column":21},"end":{"line":156,"column":22}},"48":{"start":{"line":157,"column":12},"end":{"line":157,"column":75}},"49":{"start":{"line":159,"column":8},"end":{"line":161,"column":11}},"50":{"start":{"line":163,"column":8},"end":{"line":165,"column":9}},"51":{"start":{"line":164,"column":12},"end":{"line":164,"column":78}},"52":{"start":{"line":169,"column":26},"end":{"line":169,"column":30}},"53":{"start":{"line":170,"column":53},"end":{"line":170,"column":68}},"54":{"start":{"line":171,"column":25},"end":{"line":171,"column":46}},"55":{"start":{"line":172,"column":28},"end":{"line":172,"column":61}},"56":{"start":{"line":173,"column":8},"end":{"line":173,"column":65}},"57":{"start":{"line":174,"column":21},"end":{"line":174,"column":42}},"58":{"start":{"line":175,"column":30},"end":{"line":204,"column":10}},"59":{"start":{"line":176,"column":12},"end":{"line":203,"column":24}},"60":{"start":{"line":200,"column":39},"end":{"line":200,"column":53}},"61":{"start":{"line":206,"column":8},"end":{"line":224,"column":9}},"62":{"start":{"line":207,"column":12},"end":{"line":223,"column":14}},"63":{"start":{"line":226,"column":8},"end":{"line":296,"column":10}},"64":{"start":{"line":249,"column":32},"end":{"line":252,"column":34}},"65":{"start":{"line":254,"column":32},"end":{"line":263,"column":33}},"66":{"start":{"line":255,"column":36},"end":{"line":258,"column":38}},"67":{"start":{"line":259,"column":36},"end":{"line":262,"column":38}},"68":{"start":{"line":299,"column":38},"end":{"line":301,"column":26}}},"fnMap":{"0":{"name":"(anonymous_0)","decl":{"start":{"line":22,"column":4},"end":{"line":22,"column":5}},"loc":{"start":{"line":22,"column":23},"end":{"line":25,"column":5}},"line":22},"1":{"name":"(anonymous_1)","decl":{"start":{"line":26,"column":15},"end":{"line":26,"column":16}},"loc":{"start":{"line":26,"column":21},"end":{"line":41,"column":5}},"line":26},"2":{"name":"(anonymous_2)","decl":{"start":{"line":28,"column":52},"end":{"line":28,"column":53}},"loc":{"start":{"line":28,"column":69},"end":{"line":37,"column":13}},"line":28},"3":{"name":"(anonymous_3)","decl":{"start":{"line":33,"column":33},"end":{"line":33,"column":34}},"loc":{"start":{"line":33,"column":40},"end":{"line":33,"column":52}},"line":33},"4":{"name":"(anonymous_4)","decl":{"start":{"line":43,"column":15},"end":{"line":43,"column":16}},"loc":{"start":{"line":43,"column":21},"end":{"line":45,"column":5}},"line":43},"5":{"name":"(anonymous_5)","decl":{"start":{"line":51,"column":13},"end":{"line":51,"column":14}},"loc":{"start":{"line":51,"column":18},"end":{"line":60,"column":5}},"line":51},"6":{"name":"(anonymous_6)","decl":{"start":{"line":58,"column":30},"end":{"line":58,"column":31}},"loc":{"start":{"line":58,"column":37},"end":{"line":58,"column":46}},"line":58},"7":{"name":"(anonymous_7)","decl":{"start":{"line":65,"column":10},"end":{"line":65,"column":11}},"loc":{"start":{"line":65,"column":16},"end":{"line":72,"column":5}},"line":65},"8":{"name":"(anonymous_8)","decl":{"start":{"line":79,"column":24},"end":{"line":79,"column":25}},"loc":{"start":{"line":79,"column":50},"end":{"line":86,"column":5}},"line":79},"9":{"name":"(anonymous_9)","decl":{"start":{"line":92,"column":4},"end":{"line":92,"column":5}},"loc":{"start":{"line":92,"column":21},"end":{"line":102,"column":5}},"line":92},"10":{"name":"(anonymous_10)","decl":{"start":{"line":110,"column":26},"end":{"line":110,"column":27}},"loc":{"start":{"line":110,"column":38},"end":{"line":148,"column":5}},"line":110},"11":{"name":"(anonymous_11)","decl":{"start":{"line":112,"column":28},"end":{"line":112,"column":29}},"loc":{"start":{"line":113,"column":12},"end":{"line":146,"column":24}},"line":113},"12":{"name":"(anonymous_12)","decl":{"start":{"line":127,"column":38},"end":{"line":127,"column":39}},"loc":{"start":{"line":127,"column":43},"end":{"line":132,"column":29}},"line":127},"13":{"name":"(anonymous_13)","decl":{"start":{"line":137,"column":38},"end":{"line":137,"column":39}},"loc":{"start":{"line":137,"column":43},"end":{"line":142,"column":29}},"line":137},"14":{"name":"(anonymous_14)","decl":{"start":{"line":150,"column":4},"end":{"line":150,"column":5}},"loc":{"start":{"line":150,"column":24},"end":{"line":166,"column":5}},"line":150},"15":{"name":"(anonymous_15)","decl":{"start":{"line":168,"column":4},"end":{"line":168,"column":5}},"loc":{"start":{"line":168,"column":13},"end":{"line":297,"column":5}},"line":168},"16":{"name":"(anonymous_16)","decl":{"start":{"line":175,"column":39},"end":{"line":175,"column":40}},"loc":{"start":{"line":176,"column":12},"end":{"line":203,"column":24}},"line":176},"17":{"name":"(anonymous_17)","decl":{"start":{"line":200,"column":33},"end":{"line":200,"column":34}},"loc":{"start":{"line":200,"column":39},"end":{"line":200,"column":53}},"line":200},"18":{"name":"(anonymous_18)","decl":{"start":{"line":248,"column":38},"end":{"line":248,"column":39}},"loc":{"start":{"line":248,"column":43},"end":{"line":264,"column":29}},"line":248}},"branchMap":{"0":{"loc":{"start":{"line":27,"column":8},"end":{"line":40,"column":9}},"type":"if","locations":[{"start":{"line":27,"column":8},"end":{"line":40,"column":9}},{"start":{"line":27,"column":8},"end":{"line":40,"column":9}}],"line":27},"1":{"loc":{"start":{"line":29,"column":16},"end":{"line":36,"column":17}},"type":"if","locations":[{"start":{"line":29,"column":16},"end":{"line":36,"column":17}},{"start":{"line":29,"column":16},"end":{"line":36,"column":17}}],"line":29},"2":{"loc":{"start":{"line":54,"column":8},"end":{"line":56,"column":9}},"type":"if","locations":[{"start":{"line":54,"column":8},"end":{"line":56,"column":9}},{"start":{"line":54,"column":8},"end":{"line":56,"column":9}}],"line":54},"3":{"loc":{"start":{"line":81,"column":8},"end":{"line":85,"column":9}},"type":"if","locations":[{"start":{"line":81,"column":8},"end":{"line":85,"column":9}},{"start":{"line":81,"column":8},"end":{"line":85,"column":9}}],"line":81},"4":{"loc":{"start":{"line":124,"column":20},"end":{"line":144,"column":21}},"type":"cond-expr","locations":[{"start":{"line":125,"column":24},"end":{"line":133,"column":26}},{"start":{"line":135,"column":24},"end":{"line":143,"column":26}}],"line":124},"5":{"loc":{"start":{"line":172,"column":28},"end":{"line":172,"column":61}},"type":"binary-expr","locations":[{"start":{"line":172,"column":28},"end":{"line":172,"column":36}},{"start":{"line":172,"column":40},"end":{"line":172,"column":61}}],"line":172},"6":{"loc":{"start":{"line":178,"column":20},"end":{"line":180,"column":28}},"type":"cond-expr","locations":[{"start":{"line":179,"column":26},"end":{"line":179,"column":101}},{"start":{"line":180,"column":26},"end":{"line":180,"column":28}}],"line":178},"7":{"loc":{"start":{"line":196,"column":17},"end":{"line":202,"column":24}},"type":"cond-expr","locations":[{"start":{"line":197,"column":20},"end":{"line":201,"column":22}},{"start":{"line":202,"column":20},"end":{"line":202,"column":24}}],"line":196},"8":{"loc":{"start":{"line":206,"column":8},"end":{"line":224,"column":9}},"type":"if","locations":[{"start":{"line":206,"column":8},"end":{"line":224,"column":9}},{"start":{"line":206,"column":8},"end":{"line":224,"column":9}}],"line":206},"9":{"loc":{"start":{"line":254,"column":32},"end":{"line":263,"column":33}},"type":"if","locations":[{"start":{"line":254,"column":32},"end":{"line":263,"column":33}},{"start":{"line":254,"column":32},"end":{"line":263,"column":33}}],"line":254}},"s":{"0":0,"1":0,"2":0,"3":0,"4":0,"5":0,"6":0,"7":0,"8":0,"9":0,"10":0,"11":0,"12":0,"13":0,"14":0,"15":0,"16":0,"17":0,"18":0,"19":0,"20":0,"21":0,"22":0,"23":0,"24":0,"25":0,"26":0,"27":0,"28":0,"29":0,"30":0,"31":0,"32":0,"33":0,"34":0,"35":0,"36":0,"37":0,"38":0,"39":0,"40":0,"41":0,"42":0,"43":0,"44":0,"45":0,"46":0,"47":0,"48":0,"49":0,"50":0,"51":0,"52":0,"53":0,"54":0,"55":0,"56":0,"57":0,"58":0,"59":0,"60":0,"61":0,"62":0,"63":0,"64":0,"65":0,"66":0,"67":0,"68":0},"f":{"0":0,"1":0,"2":0,"3":0,"4":0,"5":0,"6":0,"7":0,"8":0,"9":0,"10":0,"11":0,"12":0,"13":0,"14":0,"15":0,"16":0,"17":0,"18":0},"b":{"0":[0,0],"1":[0,0],"2":[0,0],"3":[0,0],"4":[0,0],"5":[0,0],"6":[0,0],"7":[0,0],"8":[0,0],"9":[0,0]},"hash":"9e14763dac166cd73ac483422d7d4bbfaad18778"}
,"/Users/haoyu/Projects/InstallMaster/ResponseFileWeb/src/Components/ContentPages/MSTR2020/Linux/TopologyConfiguration/LinTopologyConfiguration.js": {"path":"/Users/haoyu/Projects/InstallMaster/ResponseFileWeb/src/Components/ContentPages/MSTR2020/Linux/TopologyConfiguration/LinTopologyConfiguration.js","statementMap":{"0":{"start":{"line":18,"column":8},"end":{"line":18,"column":21}},"1":{"start":{"line":19,"column":8},"end":{"line":19,"column":22}},"2":{"start":{"line":22,"column":15},"end":{"line":41,"column":5}},"3":{"start":{"line":23,"column":8},"end":{"line":40,"column":9}},"4":{"start":{"line":28,"column":12},"end":{"line":37,"column":15}},"5":{"start":{"line":29,"column":16},"end":{"line":36,"column":17}},"6":{"start":{"line":30,"column":46},"end":{"line":30,"column":52}},"7":{"start":{"line":31,"column":20},"end":{"line":34,"column":22}},"8":{"start":{"line":33,"column":40},"end":{"line":33,"column":52}},"9":{"start":{"line":35,"column":20},"end":{"line":35,"column":42}},"10":{"start":{"line":39,"column":12},"end":{"line":39,"column":34}},"11":{"start":{"line":43,"column":15},"end":{"line":45,"column":5}},"12":{"start":{"line":44,"column":8},"end":{"line":44,"column":30}},"13":{"start":{"line":47,"column":15},"end":{"line":56,"column":5}},"14":{"start":{"line":48,"column":8},"end":{"line":51,"column":10}},"15":{"start":{"line":53,"column":8},"end":{"line":55,"column":9}},"16":{"start":{"line":54,"column":12},"end":{"line":54,"column":79}},"17":{"start":{"line":62,"column":13},"end":{"line":71,"column":5}},"18":{"start":{"line":63,"column":25},"end":{"line":63,"column":35}},"19":{"start":{"line":64,"column":21},"end":{"line":64,"column":47}},"20":{"start":{"line":65,"column":8},"end":{"line":67,"column":9}},"21":{"start":{"line":66,"column":12},"end":{"line":66,"column":19}},"22":{"start":{"line":68,"column":8},"end":{"line":70,"column":11}},"23":{"start":{"line":69,"column":37},"end":{"line":69,"column":46}},"24":{"start":{"line":76,"column":10},"end":{"line":83,"column":5}},"25":{"start":{"line":77,"column":25},"end":{"line":77,"col
[...]
,"/Users/haoyu/Projects/InstallMaster/ResponseFileWeb/src/assets/LicenseAgreementContent.js": {"path":"/Users/haoyu/Projects/InstallMaster/ResponseFileWeb/src/assets/LicenseAgreementContent.js","statementMap":{"0":{"start":{"line":3,"column":32},"end":{"line":716,"column":1}},"1":{"start":{"line":4,"column":4},"end":{"line":715,"column":10}}},"fnMap":{"0":{"name":"(anonymous_0)","decl":{"start":{"line":3,"column":32},"end":{"line":3,"column":33}},"loc":{"start":{"line":4,"column":4},"end":{"line":715,"column":10}},"line":4}},"branchMap":{},"s":{"0":0,"1":0},"f":{"0":0},"b":{},"hash":"ba27e029f190fbaff0eab4cd767de7e39dd864f0"}
,"/Users/haoyu/Projects/InstallMaster/ResponseFileWeb/src/assets/MSTR2020/LINUX/Lin20GeneratorComment.js": {"path":"/Users/haoyu/Projects/InstallMaster/ResponseFileWeb/src/assets/MSTR2020/LINUX/Lin20GeneratorComment.js","statementMap":{"0":{"start":{"line":1,"column":16},"end":{"line":1,"column":18}},"1":{"start":{"line":3,"column":0},"end":{"line":87,"column":2}},"2":{"start":{"line":90,"column":0},"end":{"line":100,"column":2}},"3":{"start":{"line":102,"column":0},"end":{"line":104,"column":2}},"4":{"start":{"line":106,"column":0},"end":{"line":108,"column":2}},"5":{"start":{"line":112,"column":0},"end":{"line":131,"column":2}},"6":{"start":{"line":135,"column":0},"end":{"line":156,"column":2}},"7":{"start":{"line":159,"column":0},"end":{"line":177,"column":2}},"8":{"start":{"line":179,"column":0},"end":{"line":215,"column":2}},"9":{"start":{"line":217,"column":0},"end":{"line":219,"column":2}},"10":{"start":{"line":221,"column":0},"end":{"line":223,"column":2}},"11":{"start":{"line":225,"column":0},"end":{"line":227,"column":2}},"12":{"start":{"line":230,"column":0},"end":{"line":232,"column":2}},"13":{"start":{"line":234,"column":0},"end":{"line":247,"column":2}},"14":{"start":{"line":249,"column":0},"end":{"line":251,"column":2}},"15":{"start":{"line":253,"column":0},"end":{"line":255,"column":2}},"16":{"start":{"line":257,"column":0},"end":{"line":259,"column":2}},"17":{"start":{"line":262,"column":0},"end":{"line":264,"column":2}},"18":{"start":{"line":266,"column":0},"end":{"line":272,"column":2}},"19":{"start":{"line":275,"column":0},"end":{"line":281,"column":2}},"20":{"start":{"line":285,"column":0},"end":{"line":292,"column":2}},"21":{"start":{"line":296,"column":0},"end":{"line":302,"column":2}},"22":{"start":{"line":306,"column":0},"end":{"line":312,"column":2}},"23":{"start":{"line":316,"column":0},"end":{"line":322,"column":2}},"24":{"start":{"line":326,"column":0},"end":{"line":332,"column":2}},"25":{"start":{"line":336,"column":0},"end":{"line":342,"column":2}},"26":{"start":{"line":346,"column":0},"end":{"line":353,"column":2}},"27":{"start":{"line":355,"column":0},"end":{"line":357,"column":2}},"28":{"start":{"line":359,"column":0},"end":{"line":361,"column":2}},"29":{"start":{"line":364,"column":0},"end":{"line":370,"column":2}},"30":{"start":{"line":374,"column":0},"end":{"line":381,"column":2}},"31":{"start":{"line":385,"column":0},"end":{"line":392,"column":2}},"32":{"start":{"line":396,"column":0},"end":{"line":403,"column":2}},"33":{"start":{"line":406,"column":0},"end":{"line":413,"column":2}},"34":{"start":{"line":416,"column":0},"end":{"line":427,"column":2}},"35":{"start":{"line":429,"column":0},"end":{"line":431,"column":2}},"36":{"start":{"line":433,"column":0},"end":{"line":435,"column":2}},"37":{"start":{"line":437,"column":0},"end":{"line":439,"column":2}},"38":{"start":{"line":441,"column":0},"end":{"line":443,"column":2}},"39":{"start":{"line":445,"column":0},"end":{"line":447,"column":2}},"40":{"start":{"line":450,"column":0},"end":{"line":452,"column":2}},"41":{"start":{"line":454,"column":0},"end":{"line":456,"column":2}},"42":{"start":{"line":458,"column":0},"end":{"line":460,"column":2}},"43":{"start":{"line":462,"column":0},"end":{"line":464,"column":2}},"44":{"start":{"line":466,"column":0},"end":{"line":468,"column":2}},"45":{"start":{"line":470,"column":0},"end":{"line":472,"column":2}},"46":{"start":{"line":474,"column":0},"end":{"line":495,"column":2}},"47":{"start":{"line":500,"column":0},"end":{"line":522,"column":2}},"48":{"start":{"line":525,"column":0},"end":{"line":528,"column":2}},"49":{"start":{"line":530,"column":0},"end":{"line":534,"column":2}},"50":{"start":{"line":537,"column":0},"end":{"line":547,"column":2}},"51":{"start":{"line":550,"column":0},"end":{"line":555,"column":2}},"52":{"start":{"line":557,"column":0},"end":{"line":563,"column":2}},"53":{"start":{"line":565,"column":0},"end":{"line":569,"column":2}},"54":{"start":{"line":571,"column":0},"end":{"line":573,"column":2}},"55":{"start":{"line":575,"column":0},"end":{"line":577,"column":2}},"56":{"start":{"line":579,"column":0},"end":{"line":581,"column":2}},"57":{"start":{"line":583,"column":0},"end":{"line":585,"column":2}},"58":{"start":{"line":587,"column":0},"end":{"line":591,"column":2}},"59":{"start":{"line":593,"column":0},"end":{"line":598,"column":2}},"60":{"start":{"line":601,"column":0},"end":{"line":603,"column":2}},"61":{"start":{"line":606,"column":0},"end":{"line":608,"column":2}},"62":{"start":{"line":611,"column":0},"end":{"line":613,"column":2}},"63":{"start":{"line":615,"column":0},"end":{"line":625,"column":2}},"64":{"start":{"line":627,"column":0},"end":{"line":636,"column":2}},"65":{"start":{"line":639,"column":0},"end":{"line":641,"column":2}},"66":{"start":{"line":643,"column":0},"end":{"line":649,"column":2}},"67":{"start":{"line":652,"column":0},"end":{"line":672,"column":2}},"68":{"start":{"line":675,"column":0},"end":{"line":687,"column":2}},"69":{"start":{"line":690,"column":0},"end":{"line":702,"column":2}},"70":{"start":{"line":704,"column":0},"end":{"line":711,"column":2}},"71":{"start":{"line":713,"column":0},"end":{"line":754,"column":2}},"72":{"start":{"line":756,"column":0},"end":{"line":758,"column":2}},"73":{"start":{"line":760,"column":0},"end":{"line":762,"column":2}},"74":{"start":{"line":765,"column":0},"end":{"line":767,"column":2}},"75":{"start":{"line":769,"column":0},"end":{"line":771,"column":2}},"76":{"start":{"line":773,"column":0},"end":{"line":775,"column":2}},"77":{"start":{"line":778,"column":0},"end":{"line":780,"column":2}},"78":{"start":{"line":782,"column":0},"end":{"line":784,"column":2}},"79":{"start":{"line":786,"column":0},"end":{"line":788,"column":2}},"80":{"start":{"line":790,"column":0},"end":{"line":792,"column":2}},"81":{"start":{"line":794,"column":0},"end":{"line":796,"column":2}},"82":{"start":{"line":798,"column":0},"end":{"line":800,"column":2}},"83":{"start":{"line":802,"column":0},"end":{"line":804,"column":2}},"84":{"start":{"line":806,"column":0},"end":{"line":808,"column":2}},"85":{"start":{"line":810,"column":0},"end":{"line":812,"column":2}},"86":{"start":{"line":814,"column":0},"end":{"line":816,"column":2}},"87":{"start":{"line":818,"column":0},"end":{"line":820,"column":2}},"88":{"start":{"line":822,"column":0},"end":{"line":824,"column":2}},"89":{"start":{"line":826,"column":0},"end":{"line":828,"column":2}},"90":{"start":{"line":831,"column":0},"end":{"line":833,"column":2}},"91":{"start":{"line":835,"column":0},"end":{"line":837,"column":2}},"92":{"start":{"line":839,"column":0},"end":{"line":841,"column":2}},"93":{"start":{"line":843,"column":0},"end":{"line":846,"column":2}},"94":{"start":{"line":849,"column":0},"end":{"line":852,"column":2}},"95":{"start":{"line":854,"column":0},"end":{"line":857,"column":2}},"96":{"start":{"line":860,"column":0},"end":{"line":863,"column":2}},"97":{"start":{"line":865,"column":0},"end":{"line":874,"column":2}},"98":{"start":{"line":876,"column":0},"end":{"line":878,"column":2}},"99":{"start":{"line":880,"column":0},"end":{"line":882,"column":2}},"100":{"start":{"line":885,"column":0},"end":{"line":887,"column":2}},"101":{"start":{"line":889,"column":0},"end":{"line":892,"column":2}},"102":{"start":{"line":894,"column":0},"end":{"line":897,"column":2}},"103":{"start":{"line":899,"column":0},"end":{"line":902,"column":1}}},"fnMap":{},"branchMap":{},"s":{"0":0,"1":0,"2":0,"3":0,"4":0,"5":0,"6":0,"7":0,"8":0,"9":0,"10":0,"11":0,"12":0,"13":0,"14":0,"15":0,"16":0,"17":0,"18":0,"19":0,"20":0,"21":0,"22":0,"23":0,"24":0,"25":0,"26":0,"27":0,"28":0,"29":0,"30":0,"31":0,"32":0,"33":0,"34":0,"35":0,"36":0,"37":0,"38":0,"39":0,"40":0,"41":0,"42":0,"43":0,"44":0,"45":0,"46":0,"47":0,"48":0,"49":0,"50":0,"51":0,"52":0,"53":0,"54":0,"55":0,"56":0,"57":0,"58":0,"59":0,"60":0,"61":0,"62":0,"63":0,"64":0,"65":0,"66":0,"67":0,"68":0,"69":0,"70":0,"71":0,"72":0,"73":0,"74":0,"75":0,"76":0,"77":0,"78":0,"79":0,"80":0,"81":0,"82":0,"83":0,"84":0,"85":0,"86":0,"87":0,"88":0,"89":0,"90":0,"91":0,"92":0,"93":0,"94":0,"95":0,"96":0,"97":0,"98":0,"99":0,"100":0,"101":0,"102":0,"103":0},"f":{},"b":{},"hash":"62921cdbc8b306ef2466aac8712c6e20c0255e6b"}
,"/Users/haoyu/Projects/InstallMaster/ResponseFileWeb/src/assets/MSTR2020/LINUX/Lin20Maps.js": {"path":"/Users/haoyu/Projects/InstallMaster/ResponseFileWeb/src/assets/MSTR2020/LINUX/Lin20Maps.js","statementMap":{"0":{"start":{"line":10,"column":41},"end":{"line":23,"column":2}},"1":{"start":{"line":32,"column":35},"end":{"line":59,"column":2}}},"fnMap":{},"branchMap":{},"s":{"0":0,"1":0},"f":{},"b":{},"hash":"edb53d5db1ff60704789239ff1c71632ee524463"}
,"/Users/haoyu/Projects/InstallMaster/ResponseFileWeb/src/assets/MSTR2020/LINUX/Lin20Maps4Generator.js": {"path":"/Users/haoyu/Projects/InstallMaster/ResponseFileWeb/src/assets/MSTR2020/LINUX/Lin20Maps4Generator.js","statementMap":{"0":{"start":{"line":12,"column":34},"end":{"line":207,"column":9}},"1":{"start":{"line":215,"column":35},"end":{"line":403,"column":9}}},"fnMap":{},"branchMap":{},"s":{"0":0,"1":0},"f":{},"b":{},"hash":"9917b00e07877bb2b4f7f34633e228c11560803c"}
,"/Users/haoyu/Projects/InstallMaster/ResponseFileWeb/src/assets/MSTR2020/WINDOWS_CUSTOM/Win20CustomGeneratorComment.js": {"path":"/Users/haoyu/Projects/InstallMaster/ResponseFileWeb/src/assets/MSTR2020/WINDOWS_CUSTOM/Win20CustomGeneratorComment.js","statementMap":{"0":{"start":{"line":3,"column":16},"end":{"line":3,"column":18}},"1":{"start":{"line":5,"column":0},"end":{"line":38,"column":2}},"2":{"start":{"line":40,"column":0},"end":{"line":46,"column":2}},"3":{"start":{"line":48,"column":0},"end":{"line":52,"column":2}},"4":{"start":{"line":54,"column":0},"end":{"line":57,"column":2}},"5":{"start":{"line":59,"column":0},"end":{"line":71,"column":2}},"6":{"start":{"line":73,"column":0},"end":{"line":76,"column":2}},"7":{"start":{"line":78,"column":0},"end":{"line":81,"column":2}},"8":{"start":{"line":83,"column":0},"end":{"line":86,"column":2}},"9":{"start":{"line":88,"column":0},"end":{"line":91,"column":2}},"10":{"start":{"line":93,"column":0},"end":{"line":96,"column":2}},"11":{"start":{"line":98,"column":0},"end":{"line":101,"column":2}},"12":{"start":{"line":103,"column":0},"end":{"line":106,"column":2}},"13":{"start":{"line":108,"column":0},"end":{"line":118,"column":2}},"14":{"start":{"line":121,"column":0},"end":{"line":124,"column":2}},"15":{"start":{"line":126,"column":0},"end":{"line":129,"column":2}},"16":{"start":{"line":131,"column":0},"end":{"line":153,"column":2}},"17":{"start":{"line":155,"column":0},"end":{"line":157,"column":2}},"18":{"start":{"line":159,"column":0},"end":{"line":161,"column":2}},"19":{"start":{"line":163,"column":0},"end":{"line":165,"column":2}},"20":{"start":{"line":167,"column":0},"end":{"line":169,"column":2}},"21":{"start":{"line":171,"column":0},"end":{"line":173,"column":2}},"22":{"start":{"line":175,"column":0},"end":{"line":197,"column":2}},"23":{"start":{"line":199,"column":0},"end":{"line":201,"column":2}},"24":{"start":{"line":203,"column":0},"end":{"line":205,"column":2}},"25":{"start":{"line":207,"column":0},"end":{"line":209,"column":2}},"26":{"start":{"line":211,"column":0},"end":{"line":213,"column":2}},"27":{"start":{"line":214,"column":0},"end":{"line":216,"column":2}},"28":{"start":{"line":218,"column":0},"end":{"line":226,"column":2}},"29":{"start":{"line":228,"column":0},"end":{"line":232,"column":2}},"30":{"start":{"line":235,"column":0},"end":{"line":240,"column":2}},"31":{"start":{"line":242,"column":0},"end":{"line":247,"column":2}},"32":{"start":{"line":249,"column":0},"end":{"line":251,"column":2}},"33":{"start":{"line":253,"column":0},"end":{"line":255,"column":2}},"34":{"start":{"line":257,"column":0},"end":{"line":263,"column":2}},"35":{"start":{"line":265,"column":0},"end":{"line":269,"column":2}},"36":{"start":{"line":271,"column":0},"end":{"line":274,"column":2}},"37":{"start":{"line":276,"column":0},"end":{"line":279,"column":2}},"38":{"start":{"line":282,"column":0},"end":{"line":285,"column":2}},"39":{"start":{"line":287,"column":0},"end":{"line":290,"column":2}},"40":{"start":{"line":292,"column":0},"end":{"line":296,"column":2}},"41":{"start":{"line":298,"column":0},"end":{"line":301,"column":1}},"42":{"start":{"line":303,"column":0},"end":{"line":306,"column":2}},"43":{"start":{"line":308,"column":0},"end":{"line":311,"column":1}},"44":{"start":{"line":313,"column":0},"end":{"line":316,"column":2}},"45":{"start":{"line":318,"column":0},"end":{"line":321,"column":2}},"46":{"start":{"line":323,"column":0},"end":{"line":326,"column":2}},"47":{"start":{"line":328,"column":0},"end":{"line":332,"column":2}},"48":{"start":{"line":334,"column":0},"end":{"line":343,"column":2}},"49":{"start":{"line":348,"column":0},"end":{"line":353,"column":2}},"50":{"start":{"line":355,"column":0},"end":{"line":358,"column":2}},"51":{"start":{"line":360,"column":0},"end":{"line":363,"column":2}},"52":{"start":{"line":365,"column":0},"end":{"line":368,"column":2}},"53":{"start":{"line":370,"column":0},"end":{"line":373,"column":2}},"54":{"start":{"line":375,"column":0},"end":{"line":378,"column":2}},"55":{"start":{"line":381,"column":0},"end":{"line":384,"column":2}},"56":{"start":{"line":387,"column":0},"end":{"line":390,"column":2}},"57":{"start":{"line":393,"column":0},"end":{"line":396,"column":2}},"58":{"start":{"line":399,"column":0},"end":{"line":402,"column":2}},"59":{"start":{"line":406,"column":0},"end":{"line":409,"column":2}},"60":{"start":{"line":412,"column":0},"end":{"line":415,"column":2}}},"fnMap":{},"branchMap":{},"s":{"0":0,"1":0,"2":0,"3":0,"4":0,"5":0,"6":0,"7":0,"8":0,"9":0,"10":0,"11":0,"12":0,"13":0,"14":0,"15":0,"16":0,"17":0,"18":0,"19":0,"20":0,"21":0,"22":0,"23":0,"24":0,"25":0,"26":0,"27":0,"28":0,"29":0,"30":0,"31":0,"32":0,"33":0,"34":0,"35":0,"36":0,"37":0,"38":0,"39":0,"40":0,"41":0,"42":0,"43":0,"44":0,"45":0,"46":0,"47":0,"48":0,"49":0,"50":0,"51":0,"52":0,"53":0,"54":0,"55":0,"56":0,"57":0,"58":0,"59":0,"60":0},"f":{},"b":{},"hash":"6eea7fb7f95c00b047d360ecf5c53d8ca5bf1a58"}
,"/Users/haoyu/Projects/InstallMaster/ResponseFileWeb/src/assets/MSTR2020/WINDOWS_CUSTOM/Win20CustomMaps.js": {"path":"/Users/haoyu/Projects/InstallMaster/ResponseFileWeb/src/assets/MSTR2020/WINDOWS_CUSTOM/Win20CustomMaps.js","statementMap":{"0":{"start":{"line":8,"column":35},"end":{"line":57,"column":2}},"1":{"start":{"line":66,"column":28},"end":{"line":88,"column":2}}},"fnMap":{},"branchMap":{},"s":{"0":1,"1":1},"f":{},"b":{},"_coverageSchema":"43e27e138ebf9cfc5966b082cf9a028302ed4184","hash":"4430bdf858eb344c9886ec4a549dbd9bf7a62155"}
,"/Users/haoyu/Projects/InstallMaster/ResponseFileWeb/src/assets/MSTR2020/WINDOWS_CUSTOM/Win20CustomMaps4Generator.js": {"path":"/Users/haoyu/Projects/InstallMaster/ResponseFileWeb/src/assets/MSTR2020/WINDOWS_CUSTOM/Win20CustomMaps4Generator.js","statementMap":{"0":{"start":{"line":9,"column":40},"end":{"line":239,"column":2}},"1":{"start":{"line":247,"column":41},"end":{"line":495,"column":2}}},"fnMap":{},"branchMap":{},"s":{"0":0,"1":0},"f":{},"b":{},"hash":"7b8e70853affe8d39052bad42ff60c3180a315be"}
,"/Users/haoyu/Projects/InstallMaster/ResponseFileWeb/src/assets/MSTR2020/WINDOWS_EXPRESS/Win20ExpressGeneratorComment.js": {"path":"/Users/haoyu/Projects/InstallMaster/ResponseFileWeb/src/assets/MSTR2020/WINDOWS_EXPRESS/Win20ExpressGeneratorComment.js","statementMap":{"0":{"start":{"line":2,"column":16},"end":{"line":2,"column":18}},"1":{"start":{"line":4,"column":0},"end":{"line":36,"column":2}},"2":{"start":{"line":38,"column":0},"end":{"line":44,"column":2}},"3":{"start":{"line":46,"column":0},"end":{"line":50,"column":2}},"4":{"start":{"line":54,"column":0},"end":{"line":64,"column":2}},"5":{"start":{"line":67,"column":0},"end":{"line":70,"column":2}},"6":{"start":{"line":72,"column":0},"end":{"line":75,"column":2}},"7":{"start":{"line":77,"column":0},"end":{"line":88,"column":2}},"8":{"start":{"line":91,"column":0},"end":{"line":94,"column":2}},"9":{"start":{"line":97,"column":0},"end":{"line":100,"column":2}},"10":{"start":{"line":103,"column":0},"end":{"line":106,"column":2}},"11":{"start":{"line":108,"column":0},"end":{"line":111,"column":2}},"12":{"start":{"line":114,"column":0},"end":{"line":117,"column":2}},"13":{"start":{"line":120,"column":0},"end":{"line":123,"column":2}},"14":{"start":{"line":126,"column":0},"end":{"line":129,"column":2}},"15":{"start":{"line":131,"column":0},"end":{"line":135,"column":2}},"16":{"start":{"line":137,"column":0},"end":{"line":140,"column":2}},"17":{"start":{"line":142,"column":0},"end":{"line":145,"column":2}}},"fnMap":{},"branchMap":{},"s":{"0":0,"1":0,"2":0,"3":0,"4":0,"5":0,"6":0,"7":0,"8":0,"9":0,"10":0,"11":0,"12":0,"13":0,"14":0,"15":0,"16":0,"17":0},"f":{},"b":{},"hash":"6117245295b90c0efbbd6dec4c19a91b864696e7"}
,"/Users/haoyu/Projects/InstallMaster/ResponseFileWeb/src/assets/MSTR2020/WINDOWS_EXPRESS/Win20ExpressMaps4Generator.js": {"path":"/Users/haoyu/Projects/InstallMaster/ResponseFileWeb/src/assets/MSTR2020/WINDOWS_EXPRESS/Win20ExpressMaps4Generator.js","statementMap":{"0":{"start":{"line":11,"column":42},"end":{"line":46,"column":10}},"1":{"start":{"line":55,"column":42},"end":{"line":93,"column":9}}},"fnMap":{},"branchMap":{},"s":{"0":0,"1":0},"f":{},"b":{},"hash":"b6dfe52bc35227e6ea0f91a94a458ff582ac9469"}
}
