TN:
SF:/Users/haoyu/Projects/InstallMaster/ResponseFileWeb/src/App.js
FN:6,App
FNF:1
FNH:0
FNDA:0,App
DA:7,0
LF:1
LH:0
BRF:0
BRH:0
end_of_record
TN:
SF:/Users/haoyu/Projects/InstallMaster/ResponseFileWeb/src/index.js
FNF:0
FNH:0
DA:8,0
DA:13,0
LF:2
LH:0
BRF:0
BRH:0
end_of_record
TN:
SF:/Users/haoyu/Projects/InstallMaster/ResponseFileWeb/src/serviceWorker.js
FN:23,register
FN:34,(anonymous_1)
FN:43,(anonymous_2)
FN:57,registerValidSW
FN:60,(anonymous_4)
FN:61,(anonymous_5)
FN:66,(anonymous_6)
FN:96,(anonymous_7)
FN:101,checkValidServiceWorker
FN:104,(anonymous_9)
FN:112,(anonymous_10)
FN:113,(anonymous_11)
FN:122,(anonymous_12)
FN:129,unregister
FN:131,(anonymous_14)
FNF:15
FNH:0
FNDA:0,register
FNDA:0,(anonymous_1)
FNDA:0,(anonymous_2)
FNDA:0,registerValidSW
FNDA:0,(anonymous_4)
FNDA:0,(anonymous_5)
FNDA:0,(anonymous_6)
FNDA:0,(anonymous_7)
FNDA:0,checkValidServiceWorker
FNDA:0,(anonymous_9)
FNDA:0,(anonymous_10)
FNDA:0,(anonymous_11)
FNDA:0,(anonymous_12)
FNDA:0,unregister
FNDA:0,(anonymous_14)
DA:13,0
DA:24,0
DA:26,0
DA:27,0
DA:31,0
DA:34,0
DA:35,0
DA:37,0
DA:39,0
DA:43,0
DA:44,0
DA:51,0
DA:58,0
DA:61,0
DA:62,0
DA:63,0
DA:64,0
DA:66,0
DA:67,0
DA:68,0
DA:72,0
DA:78,0
DA:79,0
DA:85,0
DA:88,0
DA:89,0
DA:97,0
DA:103,0
DA:106,0
DA:107,0
DA:112,0
DA:113,0
DA:114,0
DA:119,0
DA:123,0
DA:130,0
DA:131,0
DA:132,0
LF:38
LH:0
BRDA:14,0,0,0
BRDA:14,0,1,0
BRDA:14,0,2,0
BRDA:24,1,0,0
BRDA:24,1,1,0
BRDA:24,2,0,0
BRDA:24,2,1,0
BRDA:27,3,0,0
BRDA:27,3,1,0
BRDA:37,4,0,0
BRDA:37,4,1,0
BRDA:63,5,0,0
BRDA:63,5,1,0
BRDA:67,6,0,0
BRDA:67,6,1,0
BRDA:68,7,0,0
BRDA:68,7,1,0
BRDA:78,8,0,0
BRDA:78,8,1,0
BRDA:78,9,0,0
BRDA:78,9,1,0
BRDA:88,10,0,0
BRDA:88,10,1,0
BRDA:88,11,0,0
BRDA:88,11,1,0
BRDA:107,12,0,0
BRDA:107,12,1,0
BRDA:108,13,0,0
BRDA:108,13,1,0
BRDA:108,13,2,0
BRDA:130,14,0,0
BRDA:130,14,1,0
BRF:32
BRH:0
end_of_record
TN:
SF:/Users/haoyu/Projects/InstallMaster/ResponseFileWeb/src/Components/ButtonBar/MainButtonBar/MainButtonBar.js
FN:6,(anonymous_0)
FNF:1
FNH:0
FNDA:0,(anonymous_0)
DA:6,0
DA:7,0
LF:2
LH:0
BRDA:10,0,0,0
BRDA:10,0,1,0
BRF:2
BRH:0
end_of_record
TN:
SF:/Users/haoyu/Projects/InstallMaster/ResponseFileWeb/src/Components/ButtonBar/SelectAllButtonBar/SelectAllButtonBar.js
FN:5,(anonymous_0)
FNF:1
FNH:0
FNDA:0,(anonymous_0)
DA:5,0
DA:6,0
LF:2
LH:0
BRDA:17,0,0,0
BRDA:17,0,1,0
BRF:2
BRH:0
end_of_record
TN:
SF:/Users/haoyu/Projects/InstallMaster/ResponseFileWeb/src/Components/ConfigurationContent/ConfigurationContent.js
FN:31,(anonymous_0)
FN:318,(anonymous_1)
FN:320,(anonymous_2)
FN:342,(anonymous_3)
FN:346,(anonymous_4)
FN:350,(anonymous_5)
FNF:6
FNH:0
FNDA:0,(anonymous_0)
FNDA:0,(anonymous_1)
FNDA:0,(anonymous_2)
FNDA:0,(anonymous_3)
FNDA:0,(anonymous_4)
FNDA:0,(anonymous_5)
DA:31,0
DA:34,0
DA:66,0
DA:197,0
DA:318,0
DA:319,0
DA:320,0
DA:322,0
DA:323,0
DA:324,0
DA:326,0
DA:327,0
DA:328,0
DA:329,0
DA:333,0
DA:336,0
DA:337,0
DA:338,0
DA:340,0
DA:342,0
DA:343,0
DA:346,0
DA:347,0
DA:350,0
DA:351,0
DA:354,0
DA:355,0
DA:356,0
DA:357,0
DA:358,0
DA:359,0
DA:362,0
LF:32
LH:0
BRDA:323,0,0,0
BRDA:323,0,1,0
BRDA:327,1,0,0
BRDA:327,1,1,0
BRDA:343,2,0,0
BRDA:343,2,1,0
BRDA:343,2,2,0
BRDA:347,3,0,0
BRDA:347,3,1,0
BRDA:347,3,2,0
BRDA:351,4,0,0
BRDA:351,4,1,0
BRDA:354,5,0,0
BRDA:354,5,1,0
BRDA:356,6,0,0
BRDA:356,6,1,0
BRDA:358,7,0,0
BRDA:358,7,1,0
BRF:18
BRH:0
end_of_record
TN:
SF:/Users/haoyu/Projects/InstallMaster/ResponseFileWeb/src/Components/ContentPages/LicenseAgreePage/LicenseAgreePage.js
FN:9,(anonymous_0)
FN:23,(anonymous_1)
FN:40,(anonymous_2)
FN:54,(anonymous_3)
FN:81,(anonymous_4)
FN:97,(anonymous_5)
FNF:6
FNH:0
FNDA:0,(anonymous_0)
FNDA:0,(anonymous_1)
FNDA:0,(anonymous_2)
FNDA:0,(anonymous_3)
FNDA:0,(anonymous_4)
FNDA:0,(anonymous_5)
DA:7,0
DA:9,0
DA:11,0
DA:24,0
DA:34,0
DA:41,0
DA:55,0
DA:82,0
DA:98,0
DA:109,0
LF:10
LH:0
BRDA:11,0,0,0
BRDA:11,0,1,0
BRDA:64,1,0,0
BRDA:64,1,1,0
BRF:4
BRH:0
end_of_record
TN:
SF:/Users/haoyu/Projects/InstallMaster/ResponseFileWeb/src/Components/ContentPages/MSTR2020/Linux/CustomerInfoAndInstallationDirect/LinCustomerInfoAndInstallationDirect.js
FN:20,(anonymous_0)
FN:21,(anonymous_1)
FN:28,(anonymous_2)
FN:38,(anonymous_3)
FN:40,(anonymous_4)
FN:58,(anonymous_5)
FN:61,(anonymous_6)
FN:68,(anonymous_7)
FN:88,(anonymous_8)
FN:92,(anonymous_9)
FN:103,(anonymous_10)
FNF:11
FNH:0
FNDA:0,(anonymous_0)
FNDA:0,(anonymous_1)
FNDA:0,(anonymous_2)
FNDA:0,(anonymous_3)
FNDA:0,(anonymous_4)
FNDA:0,(anonymous_5)
FNDA:0,(anonymous_6)
FNDA:0,(anonymous_7)
FNDA:0,(anonymous_8)
FNDA:0,(anonymous_9)
FNDA:0,(anonymous_10)
DA:18,0
DA:20,0
DA:21,0
DA:22,0
DA:23,0
DA:28,0
DA:29,0
DA:38,0
DA:39,0
DA:40,0
DA:41,0
DA:58,0
DA:61,0
DA:68,0
DA:69,0
DA:75,0
DA:76,0
DA:77,0
DA:88,0
DA:89,0
DA:93,0
DA:95,0
DA:98,0
DA:99,0
DA:104,0
DA:192,0
LF:26
LH:0
BRDA:22,0,0,0
BRDA:22,0,1,0
BRDA:56,1,0,0
BRDA:56,1,1,0
BRDA:75,2,0,0
BRDA:75,2,1,0
BRF:6
BRH:0
end_of_record
TN:
SF:/Users/haoyu/Projects/InstallMaster/ResponseFileWeb/src/Components/ContentPages/MSTR2020/Linux/FeatureSelection/LinFeatureSelection.js
FN:82,(anonymous_0)
FN:91,(anonymous_1)
FN:98,(anonymous_2)
FN:110,(anonymous_3)
FN:121,(anonymous_4)
FN:165,(anonymous_5)
FN:183,(anonymous_6)
FN:208,(anonymous_7)
FN:215,(anonymous_8)
FN:243,(anonymous_9)
FN:254,(anonymous_10)
FN:295,(anonymous_11)
FN:308,(anonymous_12)
FN:320,(anonymous_13)
FNF:14
FNH:0
FNDA:0,(anonymous_0)
FNDA:0,(anonymous_1)
FNDA:0,(anonymous_2)
FNDA:0,(anonymous_3)
FNDA:0,(anonymous_4)
FNDA:0,(anonymous_5)
FNDA:0,(anonymous_6)
FNDA:0,(anonymous_7)
FNDA:0,(anonymous_8)
FNDA:0,(anonymous_9)
FNDA:0,(anonymous_10)
FNDA:0,(anonymous_11)
FNDA:0,(anonymous_12)
FNDA:0,(anonymous_13)
DA:43,0
DA:82,0
DA:83,0
DA:84,0
DA:86,0
DA:87,0
DA:91,0
DA:92,0
DA:98,0
DA:99,0
DA:103,0
DA:104,0
DA:110,0
DA:111,0
DA:112,0
DA:113,0
DA:121,0
DA:123,0
DA:124,0
DA:126,0
DA:128,0
DA:130,0
DA:132,0
DA:133,0
DA:136,0
DA:137,0
DA:138,0
DA:139,0
DA:144,0
DA:145,0
DA:146,0
DA:151,0
DA:152,0
DA:156,0
DA:165,0
DA:166,0
DA:167,0
DA:168,0
DA:169,0
DA:170,0
DA:171,0
DA:183,0
DA:184,0
DA:185,0
DA:186,0
DA:187,0
DA:189,0
DA:190,0
DA:195,0
DA:196,0
DA:208,0
DA:209,0
DA:210,0
DA:216,0
DA:221,0
DA:225,0
DA:226,0
DA:228,0
DA:230,0
DA:238,0
DA:239,0
DA:240,0
DA:244,0
DA:246,0
DA:247,0
DA:249,0
DA:255,0
DA:264,0
DA:296,0
DA:309,0
DA:316,0
DA:317,0
DA:321,0
LF:73
LH:0
BRDA:83,0,0,0
BRDA:83,0,1,0
BRDA:123,1,0,0
BRDA:123,1,1,0
BRDA:124,2,0,0
BRDA:124,2,1,0
BRDA:128,3,0,0
BRDA:128,3,1,0
BRDA:136,4,0,0
BRDA:136,4,1,0
BRDA:137,5,0,0
BRDA:137,5,1,0
BRDA:144,6,0,0
BRDA:144,6,1,0
BRDA:166,7,0,0
BRDA:166,7,1,0
BRDA:169,8,0,0
BRDA:169,8,1,0
BRDA:185,9,0,0
BRDA:185,9,1,0
BRDA:195,10,0,0
BRDA:195,10,1,0
BRDA:246,11,0,0
BRDA:246,11,1,0
BRDA:246,12,0,0
BRDA:246,12,1,0
BRDA:316,13,0,0
BRDA:316,13,1,0
BRF:28
BRH:0
end_of_record
TN:
SF:/Users/haoyu/Projects/InstallMaster/ResponseFileWeb/src/Components/ContentPages/MSTR2020/Linux/IdentityConfiguration/LinIdentityConfigStep1.js
FN:22,(anonymous_0)
FN:23,(anonymous_1)
FN:30,(anonymous_2)
FN:40,(anonymous_3)
FN:42,(anonymous_4)
FN:57,(anonymous_5)
FN:67,(anonymous_6)
FN:80,(anonymous_7)
FN:92,(anonymous_8)
FN:135,(anonymous_9)
FNF:10
FNH:0
FNDA:0,(anonymous_0)
FNDA:0,(anonymous_1)
FNDA:0,(anonymous_2)
FNDA:0,(anonymous_3)
FNDA:0,(anonymous_4)
FNDA:0,(anonymous_5)
FNDA:0,(anonymous_6)
FNDA:0,(anonymous_7)
FNDA:0,(anonymous_8)
FNDA:0,(anonymous_9)
DA:19,0
DA:22,0
DA:23,0
DA:24,0
DA:25,0
DA:30,0
DA:31,0
DA:40,0
DA:41,0
DA:42,0
DA:43,0
DA:58,0
DA:68,0
DA:81,0
DA:83,0
DA:86,0
DA:88,0
DA:93,0
DA:136,0
DA:177,0
LF:20
LH:0
BRDA:24,0,0,0
BRDA:24,0,1,0
BRDA:54,1,0,0
BRDA:54,1,1,0
BRF:4
BRH:0
end_of_record
TN:
SF:/Users/haoyu/Projects/InstallMaster/ResponseFileWeb/src/Components/ContentPages/MSTR2020/Linux/IdentityConfiguration/LinIdentityConfigStep2.js
FN:22,(anonymous_0)
FN:23,(anonymous_1)
FN:30,(anonymous_2)
FN:40,(anonymous_3)
FN:42,(anonymous_4)
FN:57,(anonymous_5)
FN:67,(anonymous_6)
FN:80,(anonymous_7)
FN:87,(anonymous_8)
FNF:9
FNH:0
FNDA:0,(anonymous_0)
FNDA:0,(anonymous_1)
FNDA:0,(anonymous_2)
FNDA:0,(anonymous_3)
FNDA:0,(anonymous_4)
FNDA:0,(anonymous_5)
FNDA:0,(anonymous_6)
FNDA:0,(anonymous_7)
FNDA:0,(anonymous_8)
DA:19,0
DA:22,0
DA:23,0
DA:24,0
DA:25,0
DA:30,0
DA:31,0
DA:40,0
DA:41,0
DA:42,0
DA:43,0
DA:58,0
DA:68,0
DA:81,0
DA:83,0
DA:88,0
DA:150,0
LF:17
LH:0
BRDA:24,0,0,0
BRDA:24,0,1,0
BRDA:54,1,0,0
BRDA:54,1,1,0
BRF:4
BRH:0
end_of_record
TN:
SF:/Users/haoyu/Projects/InstallMaster/ResponseFileWeb/src/Components/ContentPages/MSTR2020/Linux/IdentityConfiguration/LinIdentityConfigStep3.js
FN:22,(anonymous_0)
FN:23,(anonymous_1)
FN:30,(anonymous_2)
FN:40,(anonymous_3)
FN:42,(anonymous_4)
FN:57,(anonymous_5)
FN:67,(anonymous_6)
FN:80,(anonymous_7)
FN:101,(anonymous_8)
FN:129,(anonymous_9)
FNF:10
FNH:0
FNDA:0,(anonymous_0)
FNDA:0,(anonymous_1)
FNDA:0,(anonymous_2)
FNDA:0,(anonymous_3)
FNDA:0,(anonymous_4)
FNDA:0,(anonymous_5)
FNDA:0,(anonymous_6)
FNDA:0,(anonymous_7)
FNDA:0,(anonymous_8)
FNDA:0,(anonymous_9)
DA:19,0
DA:22,0
DA:23,0
DA:24,0
DA:25,0
DA:30,0
DA:31,0
DA:40,0
DA:41,0
DA:42,0
DA:43,0
DA:58,0
DA:68,0
DA:80,0
DA:81,0
DA:85,0
DA:86,0
DA:90,0
DA:94,0
DA:102,0
DA:104,0
DA:107,0
DA:109,0
DA:113,0
DA:114,0
DA:118,0
DA:122,0
DA:130,0
DA:131,0
DA:132,0
DA:137,0
DA:209,0
LF:32
LH:0
BRDA:24,0,0,0
BRDA:24,0,1,0
BRDA:54,1,0,0
BRDA:54,1,1,0
BRDA:85,2,0,0
BRDA:85,2,1,0
BRDA:113,3,0,0
BRDA:113,3,1,0
BRDA:131,4,0,0
BRDA:131,4,1,0
BRF:10
BRH:0
end_of_record
TN:
SF:/Users/haoyu/Projects/InstallMaster/ResponseFileWeb/src/Components/ContentPages/MSTR2020/Linux/IdentityManager/LinIdentityManager.js
FN:24,(anonymous_0)
FN:25,(anonymous_1)
FN:32,(anonymous_2)
FN:40,(anonymous_3)
FN:73,(anonymous_4)
FN:75,(anonymous_5)
FN:90,(anonymous_6)
FN:100,(anonymous_7)
FN:116,(anonymous_8)
FN:131,(anonymous_9)
FN:185,(anonymous_10)
FN:198,(anonymous_11)
FNF:12
FNH:0
FNDA:0,(anonymous_0)
FNDA:0,(anonymous_1)
FNDA:0,(anonymous_2)
FNDA:0,(anonymous_3)
FNDA:0,(anonymous_4)
FNDA:0,(anonymous_5)
FNDA:0,(anonymous_6)
FNDA:0,(anonymous_7)
FNDA:0,(anonymous_8)
FNDA:0,(anonymous_9)
FNDA:0,(anonymous_10)
FNDA:0,(anonymous_11)
DA:21,0
DA:24,0
DA:25,0
DA:26,0
DA:27,0
DA:32,0
DA:33,0
DA:40,0
DA:41,0
DA:46,0
DA:47,0
DA:51,0
DA:55,0
DA:60,0
DA:73,0
DA:74,0
DA:75,0
DA:76,0
DA:91,0
DA:101,0
DA:117,0
DA:119,0
DA:122,0
DA:124,0
DA:126,0
DA:127,0
DA:132,0
DA:133,0
DA:134,0
DA:138,0
DA:185,0
DA:199,0
DA:240,0
LF:33
LH:0
BRDA:26,0,0,0
BRDA:26,0,1,0
BRDA:46,1,0,0
BRDA:46,1,1,0
BRDA:87,2,0,0
BRDA:87,2,1,0
BRDA:133,3,0,0
BRDA:133,3,1,0
BRDA:144,4,0,0
BRDA:144,4,1,0
BRF:10
BRH:0
end_of_record
TN:
SF:/Users/haoyu/Projects/InstallMaster/ResponseFileWeb/src/Components/ContentPages/MSTR2020/Linux/RegisteringAsService/LinRegisteringAsService.js
FN:23,(anonymous_0)
FN:24,(anonymous_1)
FN:31,(anonymous_2)
FN:35,(anonymous_3)
FN:48,(anonymous_4)
FN:50,(anonymous_5)
FN:65,(anonymous_6)
FN:75,(anonymous_7)
FN:88,(anonymous_8)
FN:119,(anonymous_9)
FNF:10
FNH:0
FNDA:0,(anonymous_0)
FNDA:0,(anonymous_1)
FNDA:0,(anonymous_2)
FNDA:0,(anonymous_3)
FNDA:0,(anonymous_4)
FNDA:0,(anonymous_5)
FNDA:0,(anonymous_6)
FNDA:0,(anonymous_7)
FNDA:0,(anonymous_8)
FNDA:0,(anonymous_9)
DA:20,0
DA:23,0
DA:24,0
DA:25,0
DA:26,0
DA:31,0
DA:32,0
DA:36,0
DA:38,0
DA:48,0
DA:49,0
DA:50,0
DA:51,0
DA:66,0
DA:76,0
DA:89,0
DA:120,0
DA:176,0
LF:18
LH:0
BRDA:25,0,0,0
BRDA:25,0,1,0
BRDA:62,1,0,0
BRDA:62,1,1,0
BRF:4
BRH:0
end_of_record
TN:
SF:/Users/haoyu/Projects/InstallMaster/ResponseFileWeb/src/Components/ContentPages/MSTR2020/Linux/Summary/LinSummary.js
FN:20,(anonymous_0)
FN:29,(anonymous_1)
FN:40,(anonymous_2)
FN:52,(anonymous_3)
FNF:4
FNH:0
FNDA:0,(anonymous_0)
FNDA:0,(anonymous_1)
FNDA:0,(anonymous_2)
FNDA:0,(anonymous_3)
DA:20,0
DA:21,0
DA:29,0
DA:30,0
DA:31,0
DA:33,0
DA:40,0
DA:41,0
DA:42,0
DA:43,0
DA:46,0
DA:47,0
DA:48,0
DA:49,0
DA:53,0
LF:15
LH:0
BRDA:30,0,0,0
BRDA:30,0,1,0
BRF:2
BRH:0
end_of_record
TN:
SF:/Users/haoyu/Projects/InstallMaster/ResponseFileWeb/src/Components/ContentPages/MSTR2020/Linux/TelemetryConfiguration/LinTelemetryConfiguration.js
FN:22,(anonymous_0)
FN:26,(anonymous_1)
FN:28,(anonymous_2)
FN:33,(anonymous_3)
FN:43,(anonymous_4)
FN:51,(anonymous_5)
FN:58,(anonymous_6)
FN:65,(anonymous_7)
FN:79,(anonymous_8)
FN:92,(anonymous_9)
FN:110,(anonymous_10)
FN:112,(anonymous_11)
FN:127,(anonymous_12)
FN:137,(anonymous_13)
FN:150,(anonymous_14)
FN:168,(anonymous_15)
FN:175,(anonymous_16)
FN:200,(anonymous_17)
FN:248,(anonymous_18)
FNF:19
FNH:0
FNDA:0,(anonymous_0)
FNDA:0,(anonymous_1)
FNDA:0,(anonymous_2)
FNDA:0,(anonymous_3)
FNDA:0,(anonymous_4)
FNDA:0,(anonymous_5)
FNDA:0,(anonymous_6)
FNDA:0,(anonymous_7)
FNDA:0,(anonymous_8)
FNDA:0,(anonymous_9)
FNDA:0,(anonymous_10)
FNDA:0,(anonymous_11)
FNDA:0,(anonymous_12)
FNDA:0,(anonymous_13)
FNDA:0,(anonymous_14)
FNDA:0,(anonymous_15)
FNDA:0,(anonymous_16)
FNDA:0,(anonymous_17)
FNDA:0,(anonymous_18)
DA:19,0
DA:23,0
DA:24,0
DA:26,0
DA:27,0
DA:28,0
DA:29,0
DA:30,0
DA:31,0
DA:33,0
DA:35,0
DA:39,0
DA:43,0
DA:44,0
DA:51,0
DA:52,0
DA:53,0
DA:54,0
DA:55,0
DA:57,0
DA:58,0
DA:65,0
DA:66,0
DA:67,0
DA:68,0
DA:69,0
DA:79,0
DA:80,0
DA:81,0
DA:82,0
DA:93,0
DA:96,0
DA:97,0
DA:98,0
DA:99,0
DA:101,0
DA:110,0
DA:111,0
DA:112,0
DA:113,0
DA:128,0
DA:138,0
DA:151,0
DA:152,0
DA:155,0
DA:156,0
DA:157,0
DA:159,0
DA:163,0
DA:164,0
DA:169,0
DA:170,0
DA:171,0
DA:172,0
DA:173,0
DA:174,0
DA:175,0
DA:176,0
DA:200,0
DA:206,0
DA:207,0
DA:226,0
DA:249,0
DA:254,0
DA:255,0
DA:259,0
DA:299,0
LF:67
LH:0
BRDA:27,0,0,0
BRDA:27,0,1,0
BRDA:29,1,0,0
BRDA:29,1,1,0
BRDA:54,2,0,0
BRDA:54,2,1,0
BRDA:81,3,0,0
BRDA:81,3,1,0
BRDA:124,4,0,0
BRDA:124,4,1,0
BRDA:172,5,0,0
BRDA:172,5,1,0
BRDA:178,6,0,0
BRDA:178,6,1,0
BRDA:196,7,0,0
BRDA:196,7,1,0
BRDA:206,8,0,0
BRDA:206,8,1,0
BRDA:254,9,0,0
BRDA:254,9,1,0
BRF:20
BRH:0
end_of_record
TN:
SF:/Users/haoyu/Projects/InstallMaster/ResponseFileWeb/src/Components/ContentPages/MSTR2020/Linux/TopologyConfiguration/LinTopologyConfiguration.js
FN:17,(anonymous_0)
FN:22,(anonymous_1)
FN:28,(anonymous_2)
FN:33,(anonymous_3)
FN:43,(anonymous_4)
FN:47,(anonymous_5)
FN:62,(anonymous_6)
FN:69,(anonymous_7)
FN:76,(anonymous_8)
FN:89,(anonymous_9)
FN:101,(anonymous_10)
FN:116,(anonymous_11)
FN:124,(anonymous_12)
FN:149,(anonymous_13)
FNF:14
FNH:0
FNDA:0,(anonymous_0)
FNDA:0,(anonymous_1)
FNDA:0,(anonymous_2)
FNDA:0,(anonymous_3)
FNDA:0,(anonymous_4)
FNDA:0,(anonymous_5)
FNDA:0,(anonymous_6)
FNDA:0,(anonymous_7)
FNDA:0,(anonymous_8)
FNDA:0,(anonymous_9)
FNDA:0,(anonymous_10)
FNDA:0,(anonymous_11)
FNDA:0,(anonymous_12)
FNDA:0,(anonymous_13)
DA:18,0
DA:19,0
DA:22,0
DA:23,0
DA:28,0
DA:29,0
DA:30,0
DA:31,0
DA:33,0
DA:35,0
DA:39,0
DA:43,0
DA:44,0
DA:47,0
DA:48,0
DA:53,0
DA:54,0
DA:62,0
DA:63,0
DA:64,0
DA:65,0
DA:66,0
DA:68,0
DA:69,0
DA:76,0
DA:77,0
DA:78,0
DA:79,0
DA:80,0
DA:90,0
DA:93,0
DA:94,0
DA:95,0
DA:96,0
DA:98,0
DA:102,0
DA:103,0
DA:106,0
DA:107,0
DA:108,0
DA:111,0
DA:117,0
DA:118,0
DA:119,0
DA:120,0
DA:121,0
DA:123,0
DA:124,0
DA:125,0
DA:149,0
DA:154,0
DA:159,0
DA:183,0
DA:249,0
LF:54
LH:0
BRDA:23,0,0,0
BRDA:23,0,1,0
BRDA:29,1,0,0
BRDA:29,1,1,0
BRDA:50,2,0,0
BRDA:50,2,1,0
BRDA:53,3,0,0
BRDA:53,3,1,0
BRDA:65,4,0,0
BRDA:65,4,1,0
BRDA:120,5,0,0
BRDA:120,5,1,0
BRDA:127,6,0,0
BRDA:127,6,1,0
BRDA:145,7,0,0
BRDA:145,7,1,0
BRDA:154,8,0,0
BRDA:154,8,1,0
BRF:18
BRH:0
end_of_record
TN:
SF:/Users/haoyu/Projects/InstallMaster/ResponseFileWeb/src/Components/ContentPages/MSTR2020/WindowsCustom/CustomerInfoAndInstallationDirect/WinCustomerInfoAndInstallationDirect.js
FN:22,(anonymous_0)
FN:23,(anonymous_1)
FN:30,(anonymous_2)
FN:40,(anonymous_3)
FN:42,(anonymous_4)
FN:57,(anonymous_5)
FN:67,(anonymous_6)
FN:84,(anonymous_7)
FN:88,(anonymous_8)
FN:100,(anonymous_9)
FNF:10
FNH:5
FNDA:0,(anonymous_0)
FNDA:0,(anonymous_1)
FNDA:0,(anonymous_2)
FNDA:88,(anonymous_3)
FNDA:308,(anonymous_4)
FNDA:0,(anonymous_5)
FNDA:4,(anonymous_6)
FNDA:0,(anonymous_7)
FNDA:20,(anonymous_8)
FNDA:44,(anonymous_9)
DA:19,1
DA:22,20
DA:23,0
DA:24,0
DA:25,0
DA:30,20
DA:31,0
DA:40,20
DA:41,88
DA:42,88
DA:43,308
DA:58,0
DA:68,4
DA:84,20
DA:85,0
DA:89,20
DA:91,100
DA:94,20
DA:96,40
DA:101,44
DA:188,1
LF:21
LH:15
BRDA:24,0,0,0
BRDA:24,0,1,0
BRDA:54,1,0,44
BRDA:54,1,1,264
BRF:4
BRH:2
end_of_record
TN:
SF:/Users/haoyu/Projects/InstallMaster/ResponseFileWeb/src/Components/ContentPages/MSTR2020/WindowsCustom/FeatureSelection/WinFeatureSelection.js
FN:79,(anonymous_0)
FN:88,(anonymous_1)
FN:95,(anonymous_2)
FN:107,(anonymous_3)
FN:118,(anonymous_4)
FN:183,(anonymous_5)
FN:213,(anonymous_6)
FN:230,(anonymous_7)
FN:249,(anonymous_8)
FN:262,(anonymous_9)
FN:324,(anonymous_10)
FN:336,(anonymous_11)
FN:348,(anonymous_12)
FNF:13
FNH:0
FNDA:0,(anonymous_0)
FNDA:0,(anonymous_1)
FNDA:0,(anonymous_2)
FNDA:0,(anonymous_3)
FNDA:0,(anonymous_4)
FNDA:0,(anonymous_5)
FNDA:0,(anonymous_6)
FNDA:0,(anonymous_7)
FNDA:0,(anonymous_8)
FNDA:0,(anonymous_9)
FNDA:0,(anonymous_10)
FNDA:0,(anonymous_11)
FNDA:0,(anonymous_12)
DA:34,0
DA:77,0
DA:79,0
DA:80,0
DA:81,0
DA:83,0
DA:84,0
DA:88,0
DA:89,0
DA:95,0
DA:96,0
DA:100,0
DA:101,0
DA:107,0
DA:108,0
DA:109,0
DA:110,0
DA:118,0
DA:120,0
DA:121,0
DA:123,0
DA:125,0
DA:127,0
DA:129,0
DA:131,0
DA:133,0
DA:135,0
DA:137,0
DA:138,0
DA:139,0
DA:140,0
DA:142,0
DA:143,0
DA:144,0
DA:145,0
DA:150,0
DA:151,0
DA:152,0
DA:158,0
DA:159,0
DA:160,0
DA:161,0
DA:162,0
DA:166,0
DA:173,0
DA:174,0
DA:175,0
DA:183,0
DA:184,0
DA:185,0
DA:186,0
DA:187,0
DA:188,0
DA:189,0
DA:190,0
DA:191,0
DA:192,0
DA:194,0
DA:195,0
DA:196,0
DA:198,0
DA:200,0
DA:213,0
DA:214,0
DA:215,0
DA:216,0
DA:217,0
DA:219,0
DA:220,0
DA:225,0
DA:226,0
DA:231,0
DA:233,0
DA:234,0
DA:235,0
DA:236,0
DA:244,0
DA:245,0
DA:246,0
DA:250,0
DA:263,0
DA:293,0
DA:325,0
DA:337,0
DA:344,0
DA:345,0
DA:349,0
LF:87
LH:0
BRDA:80,0,0,0
BRDA:80,0,1,0
BRDA:120,1,0,0
BRDA:120,1,1,0
BRDA:121,2,0,0
BRDA:121,2,1,0
BRDA:125,3,0,0
BRDA:125,3,1,0
BRDA:129,4,0,0
BRDA:129,4,1,0
BRDA:133,5,0,0
BRDA:133,5,1,0
BRDA:142,6,0,0
BRDA:142,6,1,0
BRDA:143,7,0,0
BRDA:143,7,1,0
BRDA:150,8,0,0
BRDA:150,8,1,0
BRDA:160,9,0,0
BRDA:160,9,1,0
BRDA:161,10,0,0
BRDA:161,10,1,0
BRDA:184,11,0,0
BRDA:184,11,1,0
BRDA:189,12,0,0
BRDA:189,12,1,0
BRDA:192,13,0,0
BRDA:192,13,1,0
BRDA:194,14,0,0
BRDA:194,14,1,0
BRDA:198,15,0,0
BRDA:198,15,1,0
BRDA:215,16,0,0
BRDA:215,16,1,0
BRDA:225,17,0,0
BRDA:225,17,1,0
BRDA:250,18,0,0
BRDA:250,18,1,0
BRDA:344,19,0,0
BRDA:344,19,1,0
BRF:40
BRH:0
end_of_record
TN:
SF:/Users/haoyu/Projects/InstallMaster/ResponseFileWeb/src/Components/ContentPages/MSTR2020/WindowsCustom/IdentityConfiguration/WinIdentityConfiguration.js
FN:22,(anonymous_0)
FN:23,(anonymous_1)
FN:30,(anonymous_2)
FN:40,(anonymous_3)
FN:42,(anonymous_4)
FN:57,(anonymous_5)
FN:67,(anonymous_6)
FN:80,(anonymous_7)
FN:100,(anonymous_8)
FN:144,(anonymous_9)
FNF:10
FNH:0
FNDA:0,(anonymous_0)
FNDA:0,(anonymous_1)
FNDA:0,(anonymous_2)
FNDA:0,(anonymous_3)
FNDA:0,(anonymous_4)
FNDA:0,(anonymous_5)
FNDA:0,(anonymous_6)
FNDA:0,(anonymous_7)
FNDA:0,(anonymous_8)
FNDA:0,(anonymous_9)
DA:19,0
DA:22,0
DA:23,0
DA:24,0
DA:25,0
DA:30,0
DA:31,0
DA:40,0
DA:41,0
DA:42,0
DA:43,0
DA:58,0
DA:68,0
DA:81,0
DA:83,0
DA:86,0
DA:87,0
DA:90,0
DA:92,0
DA:95,0
DA:96,0
DA:101,0
DA:145,0
DA:197,0
LF:24
LH:0
BRDA:24,0,0,0
BRDA:24,0,1,0
BRDA:54,1,0,0
BRDA:54,1,1,0
BRF:4
BRH:0
end_of_record
TN:
SF:/Users/haoyu/Projects/InstallMaster/ResponseFileWeb/src/Components/ContentPages/MSTR2020/WindowsCustom/IntelligenceServerConfiguration/WinIntelligenceServerConfiguration.js
FN:23,(anonymous_0)
FN:24,(anonymous_1)
FN:31,(anonymous_2)
FN:42,(anonymous_3)
FN:57,(anonymous_4)
FN:59,(anonymous_5)
FN:74,(anonymous_6)
FN:84,(anonymous_7)
FN:97,(anonymous_8)
FN:104,(anonymous_9)
FN:167,(anonymous_10)
FNF:11
FNH:0
FNDA:0,(anonymous_0)
FNDA:0,(anonymous_1)
FNDA:0,(anonymous_2)
FNDA:0,(anonymous_3)
FNDA:0,(anonymous_4)
FNDA:0,(anonymous_5)
FNDA:0,(anonymous_6)
FNDA:0,(anonymous_7)
FNDA:0,(anonymous_8)
FNDA:0,(anonymous_9)
FNDA:0,(anonymous_10)
DA:20,0
DA:23,0
DA:24,0
DA:25,0
DA:26,0
DA:31,0
DA:32,0
DA:42,0
DA:43,0
DA:44,0
DA:45,0
DA:47,0
DA:57,0
DA:58,0
DA:59,0
DA:60,0
DA:75,0
DA:85,0
DA:98,0
DA:100,0
DA:105,0
DA:106,0
DA:109,0
DA:111,0
DA:113,0
DA:136,0
DA:168,0
DA:173,0
DA:174,0
DA:178,0
DA:182,0
DA:227,0
LF:32
LH:0
BRDA:25,0,0,0
BRDA:25,0,1,0
BRDA:44,1,0,0
BRDA:44,1,1,0
BRDA:44,2,0,0
BRDA:44,2,1,0
BRDA:71,3,0,0
BRDA:71,3,1,0
BRDA:111,4,0,0
BRDA:111,4,1,0
BRDA:173,5,0,0
BRDA:173,5,1,0
BRF:12
BRH:0
end_of_record
TN:
SF:/Users/haoyu/Projects/InstallMaster/ResponseFileWeb/src/Components/ContentPages/MSTR2020/WindowsCustom/NarrowcastServerConfiguration/WinNarrowcastServerConfiguration.js
FN:23,(anonymous_0)
FN:24,(anonymous_1)
FN:30,(anonymous_2)
FN:41,(anonymous_3)
FN:56,(anonymous_4)
FN:58,(anonymous_5)
FN:73,(anonymous_6)
FN:83,(anonymous_7)
FN:96,(anonymous_8)
FN:103,(anonymous_9)
FN:164,(anonymous_10)
FNF:11
FNH:0
FNDA:0,(anonymous_0)
FNDA:0,(anonymous_1)
FNDA:0,(anonymous_2)
FNDA:0,(anonymous_3)
FNDA:0,(anonymous_4)
FNDA:0,(anonymous_5)
FNDA:0,(anonymous_6)
FNDA:0,(anonymous_7)
FNDA:0,(anonymous_8)
FNDA:0,(anonymous_9)
FNDA:0,(anonymous_10)
DA:20,0
DA:23,0
DA:24,0
DA:25,0
DA:26,0
DA:30,0
DA:31,0
DA:41,0
DA:42,0
DA:43,0
DA:44,0
DA:46,0
DA:56,0
DA:57,0
DA:58,0
DA:59,0
DA:74,0
DA:84,0
DA:97,0
DA:99,0
DA:104,0
DA:105,0
DA:108,0
DA:110,0
DA:111,0
DA:133,0
DA:165,0
DA:170,0
DA:171,0
DA:175,0
DA:179,0
DA:224,0
LF:32
LH:0
BRDA:25,0,0,0
BRDA:25,0,1,0
BRDA:43,1,0,0
BRDA:43,1,1,0
BRDA:43,2,0,0
BRDA:43,2,1,0
BRDA:70,3,0,0
BRDA:70,3,1,0
BRDA:110,4,0,0
BRDA:110,4,1,0
BRDA:170,5,0,0
BRDA:170,5,1,0
BRF:12
BRH:0
end_of_record
TN:
SF:/Users/haoyu/Projects/InstallMaster/ResponseFileWeb/src/Components/ContentPages/MSTR2020/WindowsCustom/OfficeConfiguration/WinOfficeConfiguration.js
FN:22,(anonymous_0)
FN:23,(anonymous_1)
FN:30,(anonymous_2)
FN:34,(anonymous_3)
FN:47,(anonymous_4)
FN:49,(anonymous_5)
FN:64,(anonymous_6)
FN:74,(anonymous_7)
FN:87,(anonymous_8)
FN:124,(anonymous_9)
FN:137,(anonymous_10)
FN:150,(anonymous_11)
FNF:12
FNH:0
FNDA:0,(anonymous_0)
FNDA:0,(anonymous_1)
FNDA:0,(anonymous_2)
FNDA:0,(anonymous_3)
FNDA:0,(anonymous_4)
FNDA:0,(anonymous_5)
FNDA:0,(anonymous_6)
FNDA:0,(anonymous_7)
FNDA:0,(anonymous_8)
FNDA:0,(anonymous_9)
FNDA:0,(anonymous_10)
FNDA:0,(anonymous_11)
DA:19,0
DA:22,0
DA:23,0
DA:24,0
DA:25,0
DA:30,0
DA:31,0
DA:35,0
DA:37,0
DA:47,0
DA:48,0
DA:49,0
DA:50,0
DA:65,0
DA:75,0
DA:88,0
DA:125,0
DA:138,0
DA:151,0
DA:190,0
LF:20
LH:0
BRDA:24,0,0,0
BRDA:24,0,1,0
BRDA:61,1,0,0
BRDA:61,1,1,0
BRF:4
BRH:0
end_of_record
TN:
SF:/Users/haoyu/Projects/InstallMaster/ResponseFileWeb/src/Components/ContentPages/MSTR2020/WindowsCustom/PortalMDXVDS/WinPortalMDXVDS.js
FN:22,(anonymous_0)
FN:23,(anonymous_1)
FN:30,(anonymous_2)
FN:40,(anonymous_3)
FN:42,(anonymous_4)
FN:57,(anonymous_5)
FN:67,(anonymous_6)
FN:80,(anonymous_7)
FN:90,(anonymous_8)
FNF:9
FNH:0
FNDA:0,(anonymous_0)
FNDA:0,(anonymous_1)
FNDA:0,(anonymous_2)
FNDA:0,(anonymous_3)
FNDA:0,(anonymous_4)
FNDA:0,(anonymous_5)
FNDA:0,(anonymous_6)
FNDA:0,(anonymous_7)
FNDA:0,(anonymous_8)
DA:19,0
DA:22,0
DA:23,0
DA:24,0
DA:25,0
DA:30,0
DA:31,0
DA:40,0
DA:41,0
DA:42,0
DA:43,0
DA:58,0
DA:68,0
DA:81,0
DA:82,0
DA:85,0
DA:86,0
DA:92,0
DA:97,0
DA:101,0
DA:172,0
LF:21
LH:0
BRDA:24,0,0,0
BRDA:24,0,1,0
BRDA:54,1,0,0
BRDA:54,1,1,0
BRDA:133,2,0,0
BRDA:133,2,1,0
BRDA:138,3,0,0
BRDA:138,3,1,0
BRF:8
BRH:0
end_of_record
TN:
SF:/Users/haoyu/Projects/InstallMaster/ResponseFileWeb/src/Components/ContentPages/MSTR2020/WindowsCustom/Summary/WinSummary.js
FN:25,(anonymous_0)
FN:32,(anonymous_1)
FN:50,(anonymous_2)
FN:88,(anonymous_3)
FNF:4
FNH:0
FNDA:0,(anonymous_0)
FNDA:0,(anonymous_1)
FNDA:0,(anonymous_2)
FNDA:0,(anonymous_3)
DA:25,0
DA:26,0
DA:32,0
DA:33,0
DA:34,0
DA:35,0
DA:37,0
DA:39,0
DA:41,0
DA:44,0
DA:45,0
DA:46,0
DA:47,0
DA:51,0
DA:89,0
LF:15
LH:0
BRDA:35,0,0,0
BRDA:35,0,1,0
BRDA:45,1,0,0
BRDA:45,1,1,0
BRDA:77,2,0,0
BRDA:77,2,1,0
BRF:6
BRH:0
end_of_record
TN:
SF:/Users/haoyu/Projects/InstallMaster/ResponseFileWeb/src/Components/ContentPages/MSTR2020/WindowsCustom/TelemetryConfiguration/WinTelemetryConfiguration.js
FN:22,(anonymous_0)
FN:26,(anonymous_1)
FN:28,(anonymous_2)
FN:33,(anonymous_3)
FN:43,(anonymous_4)
FN:51,(anonymous_5)
FN:58,(anonymous_6)
FN:65,(anonymous_7)
FN:74,(anonymous_8)
FN:92,(anonymous_9)
FN:94,(anonymous_10)
FN:109,(anonymous_11)
FN:119,(anonymous_12)
FN:132,(anonymous_13)
FN:150,(anonymous_14)
FN:157,(anonymous_15)
FN:182,(anonymous_16)
FN:235,(anonymous_17)
FNF:18
FNH:0
FNDA:0,(anonymous_0)
FNDA:0,(anonymous_1)
FNDA:0,(anonymous_2)
FNDA:0,(anonymous_3)
FNDA:0,(anonymous_4)
FNDA:0,(anonymous_5)
FNDA:0,(anonymous_6)
FNDA:0,(anonymous_7)
FNDA:0,(anonymous_8)
FNDA:0,(anonymous_9)
FNDA:0,(anonymous_10)
FNDA:0,(anonymous_11)
FNDA:0,(anonymous_12)
FNDA:0,(anonymous_13)
FNDA:0,(anonymous_14)
FNDA:0,(anonymous_15)
FNDA:0,(anonymous_16)
FNDA:0,(anonymous_17)
DA:19,0
DA:23,0
DA:24,0
DA:26,0
DA:27,0
DA:28,0
DA:29,0
DA:30,0
DA:31,0
DA:33,0
DA:35,0
DA:39,0
DA:43,0
DA:44,0
DA:51,0
DA:52,0
DA:53,0
DA:54,0
DA:55,0
DA:57,0
DA:58,0
DA:65,0
DA:66,0
DA:67,0
DA:68,0
DA:69,0
DA:75,0
DA:78,0
DA:79,0
DA:80,0
DA:81,0
DA:83,0
DA:92,0
DA:93,0
DA:94,0
DA:95,0
DA:110,0
DA:120,0
DA:133,0
DA:134,0
DA:137,0
DA:138,0
DA:139,0
DA:141,0
DA:145,0
DA:146,0
DA:151,0
DA:152,0
DA:153,0
DA:154,0
DA:155,0
DA:156,0
DA:157,0
DA:158,0
DA:182,0
DA:188,0
DA:189,0
DA:208,0
DA:236,0
DA:241,0
DA:242,0
DA:247,0
DA:289,0
LF:63
LH:0
BRDA:27,0,0,0
BRDA:27,0,1,0
BRDA:29,1,0,0
BRDA:29,1,1,0
BRDA:54,2,0,0
BRDA:54,2,1,0
BRDA:106,3,0,0
BRDA:106,3,1,0
BRDA:154,4,0,0
BRDA:154,4,1,0
BRDA:160,5,0,0
BRDA:160,5,1,0
BRDA:178,6,0,0
BRDA:178,6,1,0
BRDA:188,7,0,0
BRDA:188,7,1,0
BRDA:241,8,0,0
BRDA:241,8,1,0
BRF:18
BRH:0
end_of_record
TN:
SF:/Users/haoyu/Projects/InstallMaster/ResponseFileWeb/src/Components/ContentPages/MSTR2020/WindowsCustom/TopologyConfiguration/WinTopologyConfiguration.js
FN:17,(anonymous_0)
FN:22,(anonymous_1)
FN:24,(anonymous_2)
FN:29,(anonymous_3)
FN:39,(anonymous_4)
FN:43,(anonymous_5)
FN:51,(anonymous_6)
FN:58,(anonymous_7)
FN:65,(anonymous_8)
FN:78,(anonymous_9)
FN:88,(anonymous_10)
FN:101,(anonymous_11)
FN:108,(anonymous_12)
FN:135,(anonymous_13)
FN:192,(anonymous_14)
FNF:15
FNH:0
FNDA:0,(anonymous_0)
FNDA:0,(anonymous_1)
FNDA:0,(anonymous_2)
FNDA:0,(anonymous_3)
FNDA:0,(anonymous_4)
FNDA:0,(anonymous_5)
FNDA:0,(anonymous_6)
FNDA:0,(anonymous_7)
FNDA:0,(anonymous_8)
FNDA:0,(anonymous_9)
FNDA:0,(anonymous_10)
FNDA:0,(anonymous_11)
FNDA:0,(anonymous_12)
FNDA:0,(anonymous_13)
FNDA:0,(anonymous_14)
DA:18,0
DA:19,0
DA:22,0
DA:23,0
DA:24,0
DA:25,0
DA:26,0
DA:27,0
DA:29,0
DA:31,0
DA:35,0
DA:39,0
DA:40,0
DA:43,0
DA:44,0
DA:51,0
DA:52,0
DA:53,0
DA:54,0
DA:55,0
DA:57,0
DA:58,0
DA:65,0
DA:66,0
DA:67,0
DA:68,0
DA:69,0
DA:79,0
DA:80,0
DA:81,0
DA:82,0
DA:83,0
DA:85,0
DA:89,0
DA:90,0
DA:91,0
DA:92,0
DA:93,0
DA:96,0
DA:102,0
DA:103,0
DA:104,0
DA:105,0
DA:106,0
DA:107,0
DA:108,0
DA:109,0
DA:135,0
DA:140,0
DA:141,0
DA:165,0
DA:193,0
DA:198,0
DA:199,0
DA:241,0
LF:55
LH:0
BRDA:23,0,0,0
BRDA:23,0,1,0
BRDA:25,1,0,0
BRDA:25,1,1,0
BRDA:54,2,0,0
BRDA:54,2,1,0
BRDA:105,3,0,0
BRDA:105,3,1,0
BRDA:111,4,0,0
BRDA:111,4,1,0
BRDA:131,5,0,0
BRDA:131,5,1,0
BRDA:140,6,0,0
BRDA:140,6,1,0
BRDA:198,7,0,0
BRDA:198,7,1,0
BRF:16
BRH:0
end_of_record
TN:
SF:/Users/haoyu/Projects/InstallMaster/ResponseFileWeb/src/Components/ContentPages/MSTR2020/WindowsCustom/WebMobileVDS/WinWebMobileVDS.js
FN:22,(anonymous_0)
FN:23,(anonymous_1)
FN:30,(anonymous_2)
FN:40,(anonymous_3)
FN:42,(anonymous_4)
FN:57,(anonymous_5)
FN:67,(anonymous_6)
FN:80,(anonymous_7)
FN:90,(anonymous_8)
FNF:9
FNH:0
FNDA:0,(anonymous_0)
FNDA:0,(anonymous_1)
FNDA:0,(anonymous_2)
FNDA:0,(anonymous_3)
FNDA:0,(anonymous_4)
FNDA:0,(anonymous_5)
FNDA:0,(anonymous_6)
FNDA:0,(anonymous_7)
FNDA:0,(anonymous_8)
DA:19,0
DA:22,0
DA:23,0
DA:24,0
DA:25,0
DA:30,0
DA:31,0
DA:40,0
DA:41,0
DA:42,0
DA:43,0
DA:58,0
DA:68,0
DA:81,0
DA:82,0
DA:85,0
DA:86,0
DA:92,0
DA:97,0
DA:100,0
DA:169,0
LF:21
LH:0
BRDA:24,0,0,0
BRDA:24,0,1,0
BRDA:54,1,0,0
BRDA:54,1,1,0
BRDA:132,2,0,0
BRDA:132,2,1,0
BRDA:135,3,0,0
BRDA:135,3,1,0
BRF:8
BRH:0
end_of_record
TN:
SF:/Users/haoyu/Projects/InstallMaster/ResponseFileWeb/src/Components/FileGenerator/FileGenerator.js
FN:29,(anonymous_0)
FN:35,(anonymous_1)
FN:51,(anonymous_2)
FN:53,(anonymous_3)
FN:75,(anonymous_4)
FN:77,(anonymous_5)
FN:105,(anonymous_6)
FN:107,(anonymous_7)
FNF:8
FNH:0
FNDA:0,(anonymous_0)
FNDA:0,(anonymous_1)
FNDA:0,(anonymous_2)
FNDA:0,(anonymous_3)
FNDA:0,(anonymous_4)
FNDA:0,(anonymous_5)
FNDA:0,(anonymous_6)
FNDA:0,(anonymous_7)
DA:29,0
DA:30,0
DA:31,0
DA:32,0
DA:34,0
DA:35,0
DA:36,0
DA:37,0
DA:38,0
DA:40,0
DA:43,0
DA:51,0
DA:52,0
DA:53,0
DA:54,0
DA:55,0
DA:59,0
DA:61,0
DA:63,0
DA:66,0
DA:67,0
DA:75,0
DA:76,0
DA:77,0
DA:78,0
DA:79,0
DA:83,0
DA:85,0
DA:86,0
DA:87,0
DA:90,0
DA:97,0
DA:105,0
DA:106,0
DA:107,0
DA:108,0
DA:109,0
DA:110,0
DA:111,0
DA:113,0
DA:120,0
LF:41
LH:0
BRDA:31,0,0,0
BRDA:31,0,1,0
BRDA:31,1,0,0
BRDA:31,1,1,0
BRDA:36,2,0,0
BRDA:36,2,1,0
BRDA:36,3,0,0
BRDA:36,3,1,0
BRDA:37,4,0,0
BRDA:37,4,1,0
BRDA:55,5,0,0
BRDA:55,5,1,0
BRDA:56,6,0,0
BRDA:56,6,1,0
BRDA:79,7,0,0
BRDA:79,7,1,0
BRDA:80,8,0,0
BRDA:80,8,1,0
BRDA:86,9,0,0
BRDA:86,9,1,0
BRDA:87,10,0,0
BRDA:87,10,1,0
BRDA:110,11,0,0
BRDA:110,11,1,0
BRDA:111,12,0,0
BRDA:111,12,1,0
BRF:26
BRH:0
end_of_record
TN:
SF:/Users/haoyu/Projects/InstallMaster/ResponseFileWeb/src/Components/Navigation/Navigation.js
FN:17,(anonymous_0)
FN:19,(anonymous_1)
FN:39,(anonymous_2)
FN:54,(anonymous_3)
FN:56,(anonymous_4)
FN:89,(anonymous_5)
FN:98,(anonymous_6)
FN:102,(anonymous_7)
FN:106,(anonymous_8)
FN:110,(anonymous_9)
FNF:10
FNH:5
FNDA:0,(anonymous_0)
FNDA:0,(anonymous_1)
FNDA:484,(anonymous_2)
FNDA:44,(anonymous_3)
FNDA:484,(anonymous_4)
FNDA:0,(anonymous_5)
FNDA:44,(anonymous_6)
FNDA:44,(anonymous_7)
FNDA:0,(anonymous_8)
FNDA:0,(anonymous_9)
DA:9,1
DA:17,1
DA:18,0
DA:19,0
DA:20,0
DA:21,0
DA:22,0
DA:27,0
DA:28,0
DA:39,1
DA:40,484
DA:54,1
DA:55,44
DA:56,44
DA:57,484
DA:58,484
DA:59,484
DA:62,484
DA:63,132
DA:65,352
DA:66,352
DA:67,352
DA:68,352
DA:73,484
DA:74,484
DA:82,484
DA:84,484
DA:86,44
DA:89,0
DA:98,1
DA:99,44
DA:100,44
DA:101,44
DA:102,44
DA:103,44
DA:106,44
DA:107,0
DA:110,44
DA:111,0
DA:114,44
DA:115,44
DA:116,44
DA:117,0
DA:118,0
DA:119,0
DA:120,0
DA:123,44
LF:47
LH:33
BRDA:18,0,0,0
BRDA:18,0,1,0
BRDA:20,1,0,0
BRDA:20,1,1,0
BRDA:21,2,0,0
BRDA:21,2,1,0
BRDA:27,3,0,0
BRDA:27,3,1,0
BRDA:40,4,0,44
BRDA:40,4,1,440
BRDA:42,5,0,0
BRDA:42,5,1,440
BRDA:62,6,0,132
BRDA:62,6,1,352
BRDA:66,7,0,352
BRDA:66,7,1,0
BRDA:73,8,0,484
BRDA:73,8,1,0
BRDA:103,9,0,44
BRDA:103,9,1,44
BRDA:103,9,2,44
BRDA:107,10,0,0
BRDA:107,10,1,0
BRDA:107,10,2,0
BRDA:111,11,0,0
BRDA:111,11,1,0
BRDA:115,12,0,44
BRDA:115,12,1,0
BRDA:117,13,0,0
BRDA:117,13,1,0
BRDA:119,14,0,0
BRDA:119,14,1,0
BRF:32
BRH:11
end_of_record
TN:
SF:/Users/haoyu/Projects/InstallMaster/ResponseFileWeb/src/Components/ReferencePicture/ReferencePicture.js
FN:10,(anonymous_0)
FN:22,(anonymous_1)
FN:24,(anonymous_2)
FN:41,(anonymous_3)
FN:45,(anonymous_4)
FN:49,(anonymous_5)
FN:65,(anonymous_6)
FNF:7
FNH:5
FNDA:44,(anonymous_0)
FNDA:44,(anonymous_1)
FNDA:484,(anonymous_2)
FNDA:44,(anonymous_3)
FNDA:0,(anonymous_4)
FNDA:0,(anonymous_5)
FNDA:88,(anonymous_6)
DA:10,1
DA:11,44
DA:12,44
DA:13,44
DA:14,44
DA:22,44
DA:23,44
DA:24,44
DA:26,484
DA:27,484
DA:28,132
DA:30,352
DA:31,352
DA:32,352
DA:33,352
DA:38,44
DA:41,44
DA:42,44
DA:45,44
DA:46,0
DA:49,44
DA:50,0
DA:53,44
DA:54,44
DA:55,0
DA:56,0
DA:57,0
DA:58,0
DA:61,44
DA:62,44
DA:63,0
DA:65,44
DA:67,88
DA:68,88
DA:69,0
DA:70,0
DA:73,88
DA:75,88
LF:38
LH:29
BRDA:27,0,0,132
BRDA:27,0,1,352
BRDA:31,1,0,352
BRDA:31,1,1,0
BRDA:42,2,0,44
BRDA:42,2,1,44
BRDA:42,2,2,44
BRDA:46,3,0,0
BRDA:46,3,1,0
BRDA:46,3,2,0
BRDA:50,4,0,0
BRDA:50,4,1,0
BRDA:53,5,0,44
BRDA:53,5,1,0
BRDA:55,6,0,0
BRDA:55,6,1,0
BRDA:57,7,0,0
BRDA:57,7,1,0
BRDA:62,8,0,0
BRDA:62,8,1,44
BRDA:68,9,0,0
BRDA:68,9,1,88
BRDA:69,10,0,0
BRDA:69,10,1,0
BRDA:80,11,0,44
BRDA:80,11,1,44
BRF:26
BRH:11
end_of_record
TN:
SF:/Users/haoyu/Projects/InstallMaster/ResponseFileWeb/src/Components/Utils/CommonFunc.js
FN:9,(anonymous_0)
FN:39,(anonymous_1)
FN:71,(anonymous_2)
FN:93,(anonymous_3)
FNF:4
FNH:1
FNDA:140,(anonymous_0)
FNDA:0,(anonymous_1)
FNDA:0,(anonymous_2)
FNDA:0,(anonymous_3)
DA:9,1
DA:10,140
DA:11,140
DA:14,140
DA:39,1
DA:40,0
DA:41,0
DA:43,0
DA:44,0
DA:45,0
DA:46,0
DA:47,0
DA:56,0
DA:57,0
DA:60,0
DA:71,1
DA:73,0
DA:74,0
DA:75,0
DA:77,0
DA:93,1
DA:94,0
DA:95,0
DA:97,0
DA:98,0
DA:99,0
DA:100,0
DA:102,0
DA:103,0
DA:107,0
LF:30
LH:7
BRDA:11,0,0,140
BRDA:11,0,1,0
BRDA:40,1,0,0
BRDA:40,1,1,0
BRDA:40,2,0,0
BRDA:40,2,1,0
BRDA:40,2,2,0
BRDA:46,3,0,0
BRDA:46,3,1,0
BRDA:56,4,0,0
BRDA:56,4,1,0
BRDA:74,5,0,0
BRDA:74,5,1,0
BRDA:74,6,0,0
BRDA:74,6,1,0
BRDA:77,7,0,0
BRDA:77,7,1,0
BRDA:94,8,0,0
BRDA:94,8,1,0
BRDA:99,9,0,0
BRDA:99,9,1,0
BRDA:99,10,0,0
BRDA:99,10,1,0
BRDA:102,11,0,0
BRDA:102,11,1,0
BRF:25
BRH:1
end_of_record
TN:
SF:/Users/haoyu/Projects/InstallMaster/ResponseFileWeb/src/Components/Utils/CreateTree.js
FN:13,(anonymous_0)
FN:62,(anonymous_1)
FN:74,(anonymous_2)
FN:83,(anonymous_3)
FN:130,(anonymous_4)
FN:156,(anonymous_5)
FN:176,(anonymous_6)
FN:209,(anonymous_7)
FN:237,(anonymous_8)
FN:260,(anonymous_9)
FN:278,(anonymous_10)
FN:303,(anonymous_11)
FN:325,(anonymous_12)
FN:350,(anonymous_13)
FN:378,(anonymous_14)
FN:403,(anonymous_15)
FN:418,(anonymous_16)
FN:434,(anonymous_17)
FN:452,(anonymous_18)
FN:481,(anonymous_19)
FN:487,(anonymous_20)
FN:505,(anonymous_21)
FN:511,(anonymous_22)
FN:528,(anonymous_23)
FN:534,(anonymous_24)
FN:549,(anonymous_25)
FNF:26
FNH:0
FNDA:0,(anonymous_0)
FNDA:0,(anonymous_1)
FNDA:0,(anonymous_2)
FNDA:0,(anonymous_3)
FNDA:0,(anonymous_4)
FNDA:0,(anonymous_5)
FNDA:0,(anonymous_6)
FNDA:0,(anonymous_7)
FNDA:0,(anonymous_8)
FNDA:0,(anonymous_9)
FNDA:0,(anonymous_10)
FNDA:0,(anonymous_11)
FNDA:0,(anonymous_12)
FNDA:0,(anonymous_13)
FNDA:0,(anonymous_14)
FNDA:0,(anonymous_15)
FNDA:0,(anonymous_16)
FNDA:0,(anonymous_17)
FNDA:0,(anonymous_18)
FNDA:0,(anonymous_19)
FNDA:0,(anonymous_20)
FNDA:0,(anonymous_21)
FNDA:0,(anonymous_22)
FNDA:0,(anonymous_23)
FNDA:0,(anonymous_24)
FNDA:0,(anonymous_25)
DA:5,0
DA:13,0
DA:14,0
DA:15,0
DA:17,0
DA:18,0
DA:19,0
DA:20,0
DA:37,0
DA:53,0
DA:62,0
DA:63,0
DA:64,0
DA:65,0
DA:67,0
DA:68,0
DA:70,0
DA:74,0
DA:75,0
DA:79,0
DA:83,0
DA:84,0
DA:88,0
DA:89,0
DA:98,0
DA:99,0
DA:106,0
DA:107,0
DA:114,0
DA:130,0
DA:131,0
DA:132,0
DA:134,0
DA:135,0
DA:140,0
DA:141,0
DA:142,0
DA:143,0
DA:144,0
DA:156,0
DA:157,0
DA:158,0
DA:159,0
DA:161,0
DA:162,0
DA:163,0
DA:165,0
DA:176,0
DA:177,0
DA:178,0
DA:181,0
DA:182,0
DA:183,0
DA:184,0
DA:185,0
DA:191,0
DA:209,0
DA:215,0
DA:216,0
DA:218,0
DA:219,0
DA:220,0
DA:221,0
DA:222,0
DA:224,0
DA:225,0
DA:237,0
DA:238,0
DA:239,0
DA:240,0
DA:241,0
DA:242,0
DA:243,0
DA:249,0
DA:260,0
DA:261,0
DA:263,0
DA:264,0
DA:265,0
DA:266,0
DA:278,0
DA:279,0
DA:280,0
DA:282,0
DA:283,0
DA:284,0
DA:291,0
DA:292,0
DA:303,0
DA:304,0
DA:305,0
DA:306,0
DA:308,0
DA:309,0
DA:310,0
DA:311,0
DA:314,0
DA:315,0
DA:325,0
DA:326,0
DA:330,0
DA:332,0
DA:333,0
DA:334,0
DA:335,0
DA:339,0
DA:350,0
DA:351,0
DA:352,0
DA:354,0
DA:355,0
DA:356,0
DA:357,0
DA:361,0
DA:362,0
DA:364,0
DA:365,0
DA:378,0
DA:379,0
DA:380,0
DA:381,0
DA:383,0
DA:384,0
DA:385,0
DA:386,0
DA:389,0
DA:390,0
DA:391,0
DA:393,0
DA:403,0
DA:404,0
DA:405,0
DA:407,0
DA:408,0
DA:418,0
DA:419,0
DA:420,0
DA:422,0
DA:423,0
DA:434,0
DA:435,0
DA:436,0
DA:438,0
DA:439,0
DA:440,0
DA:441,0
DA:452,0
DA:453,0
DA:454,0
DA:456,0
DA:462,0
DA:468,0
DA:469,0
DA:481,0
DA:487,0
DA:488,0
DA:489,0
DA:490,0
DA:491,0
DA:505,0
DA:511,0
DA:512,0
DA:513,0
DA:514,0
DA:515,0
DA:528,0
DA:534,0
DA:535,0
DA:536,0
DA:537,0
DA:538,0
DA:549,0
DA:550,0
LF:173
LH:0
BRDA:14,0,0,0
BRDA:14,0,1,0
BRDA:19,1,0,0
BRDA:19,1,1,0
BRDA:19,2,0,0
BRDA:19,2,1,0
BRDA:67,3,0,0
BRDA:67,3,1,0
BRDA:70,4,0,0
BRDA:70,4,1,0
BRDA:71,5,0,0
BRDA:71,5,1,0
BRDA:79,6,0,0
BRDA:79,6,1,0
BRDA:80,7,0,0
BRDA:80,7,1,0
BRDA:88,8,0,0
BRDA:88,8,1,0
BRDA:98,9,0,0
BRDA:98,9,1,0
BRDA:106,10,0,0
BRDA:106,10,1,0
BRDA:131,11,0,0
BRDA:131,11,1,0
BRDA:143,12,0,0
BRDA:143,12,1,0
BRDA:143,13,0,0
BRDA:143,13,1,0
BRDA:157,14,0,0
BRDA:157,14,1,0
BRDA:157,15,0,0
BRDA:157,15,1,0
BRDA:177,16,0,0
BRDA:177,16,1,0
BRDA:177,17,0,0
BRDA:177,17,1,0
BRDA:182,18,0,0
BRDA:182,18,1,0
BRDA:215,19,0,0
BRDA:215,19,1,0
BRDA:215,20,0,0
BRDA:215,20,1,0
BRDA:219,21,0,0
BRDA:219,21,1,0
BRDA:239,22,0,0
BRDA:239,22,1,0
BRDA:239,23,0,0
BRDA:239,23,1,0
BRDA:240,24,0,0
BRDA:240,24,1,0
BRDA:263,25,0,0
BRDA:263,25,1,0
BRDA:263,26,0,0
BRDA:263,26,1,0
BRDA:264,27,0,0
BRDA:264,27,1,0
BRDA:279,28,0,0
BRDA:279,28,1,0
BRDA:284,29,0,0
BRDA:284,29,1,0
BRDA:305,30,0,0
BRDA:305,30,1,0
BRDA:305,31,0,0
BRDA:305,31,1,0
BRDA:310,32,0,0
BRDA:310,32,1,0
BRDA:326,33,0,0
BRDA:326,33,1,0
BRDA:327,34,0,0
BRDA:327,34,1,0
BRDA:334,35,0,0
BRDA:334,35,1,0
BRDA:351,36,0,0
BRDA:351,36,1,0
BRDA:356,37,0,0
BRDA:356,37,1,0
BRDA:361,38,0,0
BRDA:361,38,1,0
BRDA:380,39,0,0
BRDA:380,39,1,0
BRDA:380,40,0,0
BRDA:380,40,1,0
BRDA:385,41,0,0
BRDA:385,41,1,0
BRDA:404,42,0,0
BRDA:404,42,1,0
BRDA:419,43,0,0
BRDA:419,43,1,0
BRDA:435,44,0,0
BRDA:435,44,1,0
BRDA:453,45,0,0
BRDA:453,45,1,0
BRDA:488,46,0,0
BRDA:488,46,1,0
BRDA:489,47,0,0
BRDA:489,47,1,0
BRDA:513,48,0,0
BRDA:513,48,1,0
BRDA:536,49,0,0
BRDA:536,49,1,0
BRF:100
BRH:0
end_of_record
TN:
SF:/Users/haoyu/Projects/InstallMaster/ResponseFileWeb/src/Containers/ResponseFileBuilder/ResponseFileBuilder.js
FN:12,(anonymous_0)
FN:28,(anonymous_1)
FN:40,(anonymous_2)
FN:48,(anonymous_3)
FNF:4
FNH:0
FNDA:0,(anonymous_0)
FNDA:0,(anonymous_1)
FNDA:0,(anonymous_2)
FNDA:0,(anonymous_3)
DA:13,0
DA:14,0
DA:28,0
DA:29,0
DA:30,0
DA:32,0
DA:40,0
DA:41,0
DA:42,0
DA:49,0
DA:50,0
DA:51,0
DA:52,0
DA:53,0
DA:60,0
LF:15
LH:0
BRDA:29,0,0,0
BRDA:29,0,1,0
BRDA:41,1,0,0
BRDA:41,1,1,0
BRDA:52,2,0,0
BRDA:52,2,1,0
BRF:6
BRH:0
end_of_record
TN:
SF:/Users/haoyu/Projects/InstallMaster/ResponseFileWeb/src/Containers/ResponseFileBuilder/InstallationOsControl/InstallationOsControl.js
FN:14,(anonymous_0)
FN:26,(anonymous_1)
FN:28,(anonymous_2)
FN:34,(anonymous_3)
FN:43,(anonymous_4)
FN:45,(anonymous_5)
FN:57,(anonymous_6)
FN:69,(anonymous_7)
FN:77,(anonymous_8)
FNF:9
FNH:0
FNDA:0,(anonymous_0)
FNDA:0,(anonymous_1)
FNDA:0,(anonymous_2)
FNDA:0,(anonymous_3)
FNDA:0,(anonymous_4)
FNDA:0,(anonymous_5)
FNDA:0,(anonymous_6)
FNDA:0,(anonymous_7)
FNDA:0,(anonymous_8)
DA:15,0
DA:16,0
DA:17,0
DA:18,0
DA:19,0
DA:21,0
DA:26,0
DA:27,0
DA:28,0
DA:29,0
DA:34,0
DA:35,0
DA:43,0
DA:44,0
DA:45,0
DA:46,0
DA:57,0
DA:58,0
DA:59,0
DA:61,0
DA:69,0
DA:70,0
DA:71,0
DA:78,0
LF:24
LH:0
BRDA:16,0,0,0
BRDA:16,0,1,0
BRDA:16,1,0,0
BRDA:16,1,1,0
BRDA:18,2,0,0
BRDA:18,2,1,0
BRDA:18,3,0,0
BRDA:18,3,1,0
BRDA:27,4,0,0
BRDA:27,4,1,0
BRDA:44,5,0,0
BRDA:44,5,1,0
BRDA:58,6,0,0
BRDA:58,6,1,0
BRDA:70,7,0,0
BRDA:70,7,1,0
BRF:16
BRH:0
end_of_record
TN:
SF:/Users/haoyu/Projects/InstallMaster/ResponseFileWeb/src/assets/LicenseAgreementContent.js
FN:3,(anonymous_0)
FNF:1
FNH:0
FNDA:0,(anonymous_0)
DA:3,0
DA:4,0
LF:2
LH:0
BRF:0
BRH:0
end_of_record
TN:
SF:/Users/haoyu/Projects/InstallMaster/ResponseFileWeb/src/assets/MSTR2020/LINUX/Lin20GeneratorComment.js
FNF:0
FNH:0
DA:1,0
DA:3,0
DA:90,0
DA:102,0
DA:106,0
DA:112,0
DA:135,0
DA:159,0
DA:179,0
DA:217,0
DA:221,0
DA:225,0
DA:230,0
DA:234,0
DA:249,0
DA:253,0
DA:257,0
DA:262,0
DA:266,0
DA:275,0
DA:285,0
DA:296,0
DA:306,0
DA:316,0
DA:326,0
DA:336,0
DA:346,0
DA:355,0
DA:359,0
DA:364,0
DA:374,0
DA:385,0
DA:396,0
DA:406,0
DA:416,0
DA:429,0
DA:433,0
DA:437,0
DA:441,0
DA:445,0
DA:450,0
DA:454,0
DA:458,0
DA:462,0
DA:466,0
DA:470,0
DA:474,0
DA:500,0
DA:525,0
DA:530,0
DA:537,0
DA:550,0
DA:557,0
DA:565,0
DA:571,0
DA:575,0
DA:579,0
DA:583,0
DA:587,0
DA:593,0
DA:601,0
DA:606,0
DA:611,0
DA:615,0
DA:627,0
DA:639,0
DA:643,0
DA:652,0
DA:675,0
DA:690,0
DA:704,0
DA:713,0
DA:756,0
DA:760,0
DA:765,0
DA:769,0
DA:773,0
DA:778,0
DA:782,0
DA:786,0
DA:790,0
DA:794,0
DA:798,0
DA:802,0
DA:806,0
DA:810,0
DA:814,0
DA:818,0
DA:822,0
DA:826,0
DA:831,0
DA:835,0
DA:839,0
DA:843,0
DA:849,0
DA:854,0
DA:860,0
DA:865,0
DA:876,0
DA:880,0
DA:885,0
DA:889,0
DA:894,0
DA:899,0
LF:104
LH:0
BRF:0
BRH:0
end_of_record
TN:
SF:/Users/haoyu/Projects/InstallMaster/ResponseFileWeb/src/assets/MSTR2020/LINUX/Lin20Maps.js
FNF:0
FNH:0
DA:10,0
DA:32,0
LF:2
LH:0
BRF:0
BRH:0
end_of_record
TN:
SF:/Users/haoyu/Projects/InstallMaster/ResponseFileWeb/src/assets/MSTR2020/LINUX/Lin20Maps4Generator.js
FNF:0
FNH:0
DA:12,0
DA:215,0
LF:2
LH:0
BRF:0
BRH:0
end_of_record
TN:
SF:/Users/haoyu/Projects/InstallMaster/ResponseFileWeb/src/assets/MSTR2020/WINDOWS_CUSTOM/Win20CustomGeneratorComment.js
FNF:0
FNH:0
DA:3,0
DA:5,0
DA:40,0
DA:48,0
DA:54,0
DA:59,0
DA:73,0
DA:78,0
DA:83,0
DA:88,0
DA:93,0
DA:98,0
DA:103,0
DA:108,0
DA:121,0
DA:126,0
DA:131,0
DA:155,0
DA:159,0
DA:163,0
DA:167,0
DA:171,0
DA:175,0
DA:199,0
DA:203,0
DA:207,0
DA:211,0
DA:214,0
DA:218,0
DA:228,0
DA:235,0
DA:242,0
DA:249,0
DA:253,0
DA:257,0
DA:265,0
DA:271,0
DA:276,0
DA:282,0
DA:287,0
DA:292,0
DA:298,0
DA:303,0
DA:308,0
DA:313,0
DA:318,0
DA:323,0
DA:328,0
DA:334,0
DA:348,0
DA:355,0
DA:360,0
DA:365,0
DA:370,0
DA:375,0
DA:381,0
DA:387,0
DA:393,0
DA:399,0
DA:406,0
DA:412,0
LF:61
LH:0
BRF:0
BRH:0
end_of_record
TN:
SF:/Users/haoyu/Projects/InstallMaster/ResponseFileWeb/src/assets/MSTR2020/WINDOWS_CUSTOM/Win20CustomMaps.js
FNF:0
FNH:0
DA:8,1
DA:66,1
LF:2
LH:2
BRF:0
BRH:0
end_of_record
TN:
SF:/Users/haoyu/Projects/InstallMaster/ResponseFileWeb/src/assets/MSTR2020/WINDOWS_CUSTOM/Win20CustomMaps4Generator.js
FNF:0
FNH:0
DA:9,0
DA:247,0
LF:2
LH:0
BRF:0
BRH:0
end_of_record
TN:
SF:/Users/haoyu/Projects/InstallMaster/ResponseFileWeb/src/assets/MSTR2020/WINDOWS_EXPRESS/Win20ExpressGeneratorComment.js
FNF:0
FNH:0
DA:2,0
DA:4,0
DA:38,0
DA:46,0
DA:54,0
DA:67,0
DA:72,0
DA:77,0
DA:91,0
DA:97,0
DA:103,0
DA:108,0
DA:114,0
DA:120,0
DA:126,0
DA:131,0
DA:137,0
DA:142,0
LF:18
LH:0
BRF:0
BRH:0
end_of_record
TN:
SF:/Users/haoyu/Projects/InstallMaster/ResponseFileWeb/src/assets/MSTR2020/WINDOWS_EXPRESS/Win20ExpressMaps4Generator.js
FNF:0
FNH:0
DA:11,0
DA:55,0
LF:2
LH:0
BRF:0
BRH:0
end_of_record
